<?xml version="1.0" encoding="UTF-8"?>
<coverage generated="1759124419132" clover="3.2.0">
  <project timestamp="1759124419132" name="All files">
    <metrics statements="20" coveredstatements="18" conditionals="12" coveredconditionals="8" methods="3" coveredmethods="2" elements="35" coveredelements="28" complexity="0" loc="20" ncloc="20" packages="1" files="1" classes="1"/>
    <file name="app.js" path="C:\Users\aleja\RTAD_Proyecto_Final\RDAT\frontend\app.js">
      <metrics statements="20" coveredstatements="18" conditionals="12" coveredconditionals="8" methods="3" coveredmethods="2"/>
      <line num="1" count="3" type="stmt"/>
      <line num="2" count="6" type="stmt"/>
      <line num="3" count="6" type="cond" truecount="1" falsecount="1"/>
      <line num="4" count="6" type="stmt"/>
      <line num="5" count="6" type="stmt"/>
      <line num="6" count="6" type="stmt"/>
      <line num="7" count="6" type="stmt"/>
      <line num="9" count="6" type="cond" truecount="4" falsecount="0"/>
      <line num="10" count="3" type="stmt"/>
      <line num="11" count="3" type="stmt"/>
      <line num="15" count="3" type="stmt"/>
      <line num="16" count="3" type="stmt"/>
      <line num="22" count="2" type="stmt"/>
      <line num="24" count="1" type="cond" truecount="3" falsecount="1"/>
      <line num="25" count="1" type="stmt"/>
      <line num="26" count="1" type="stmt"/>
      <line num="27" count="1" type="stmt"/>
      <line num="28" count="0" type="stmt"/>
      <line num="31" count="0" type="cond" truecount="0" falsecount="2"/>
      <line num="34" count="2" type="stmt"/>
    </file>
  </project>
</coverage>
