{"C:\\Users\\jorda\\RTAD_Proyecto_Final\\RDAT\\frontend\\app.js": {"path":"C:\\Users\\jorda\\RTAD_Proyecto_Final\\RDAT\\frontend\\app.js","statementMap":{"0":{"start":{"line":1,"column":0},"end":{"line":44,"column":3}},"1":{"start":{"line":2,"column":15},"end":{"line":2,"column":51}},"2":{"start":{"line":3,"column":2},"end":{"line":43,"column":3}},"3":{"start":{"line":4,"column":4},"end":{"line":42,"column":7}},"4":{"start":{"line":5,"column":6},"end":{"line":5,"column":25}},"5":{"start":{"line":6,"column":23},"end":{"line":6,"column":71}},"6":{"start":{"line":7,"column":23},"end":{"line":7,"column":71}},"7":{"start":{"line":9,"column":6},"end":{"line":12,"column":7}},"8":{"start":{"line":10,"column":8},"end":{"line":10,"column":100}},"9":{"start":{"line":11,"column":8},"end":{"line":11,"column":15}},"10":{"start":{"line":15,"column":21},"end":{"line":15,"column":65}},"11":{"start":{"line":16,"column":6},"end":{"line":21,"column":7}},"12":{"start":{"line":17,"column":8},"end":{"line":19,"column":10}},"13":{"start":{"line":20,"column":8},"end":{"line":20,"column":67}},"14":{"start":{"line":24,"column":22},"end":{"line":24,"column":92}},"15":{"start":{"line":24,"column":41},"end":{"line":24,"column":91}},"16":{"start":{"line":26,"column":6},"end":{"line":41,"column":7}},"17":{"start":{"line":27,"column":8},"end":{"line":27,"column":73}},"18":{"start":{"line":28,"column":8},"end":{"line":28,"column":110}},"19":{"start":{"line":29,"column":8},"end":{"line":38,"column":17}},"20":{"start":{"line":31,"column":10},"end":{"line":37,"column":11}},"21":{"start":{"line":32,"column":12},"end":{"line":32,"column":54}},"22":{"start":{"line":33,"column":17},"end":{"line":37,"column":11}},"23":{"start":{"line":34,"column":12},"end":{"line":34,"column":57}},"24":{"start":{"line":36,"column":12},"end":{"line":36,"column":56}},"25":{"start":{"line":40,"column":8},"end":{"line":40,"column":94}}},"fnMap":{"0":{"name":"(anonymous_0)","decl":{"start":{"line":1,"column":46},"end":{"line":1,"column":47}},"loc":{"start":{"line":1,"column":57},"end":{"line":44,"column":1}},"line":1},"1":{"name":"(anonymous_1)","decl":{"start":{"line":4,"column":36},"end":{"line":4,"column":37}},"loc":{"start":{"line":4,"column":48},"end":{"line":42,"column":5}},"line":4},"2":{"name":"(anonymous_2)","decl":{"start":{"line":24,"column":36},"end":{"line":24,"column":37}},"loc":{"start":{"line":24,"column":41},"end":{"line":24,"column":91}},"line":24},"3":{"name":"(anonymous_3)","decl":{"start":{"line":29,"column":19},"end":{"line":29,"column":20}},"loc":{"start":{"line":29,"column":25},"end":{"line":38,"column":9}},"line":29}},"branchMap":{"0":{"loc":{"start":{"line":3,"column":2},"end":{"line":43,"column":3}},"type":"if","locations":[{"start":{"line":3,"column":2},"end":{"line":43,"column":3}},{"start":{},"end":{}}],"line":3},"1":{"loc":{"start":{"line":9,"column":6},"end":{"line":12,"column":7}},"type":"if","locations":[{"start":{"line":9,"column":6},"end":{"line":12,"column":7}},{"start":{},"end":{}}],"line":9},"2":{"loc":{"start":{"line":9,"column":10},"end":{"line":9,"column":32}},"type":"binary-expr","locations":[{"start":{"line":9,"column":10},"end":{"line":9,"column":19}},{"start":{"line":9,"column":23},"end":{"line":9,"column":32}}],"line":9},"3":{"loc":{"start":{"line":16,"column":6},"end":{"line":21,"column":7}},"type":"if","locations":[{"start":{"line":16,"column":6},"end":{"line":21,"column":7}},{"start":{},"end":{}}],"line":16},"4":{"loc":{"start":{"line":24,"column":41},"end":{"line":24,"column":91}},"type":"binary-expr","locations":[{"start":{"line":24,"column":41},"end":{"line":24,"column":64}},{"start":{"line":24,"column":68},"end":{"line":24,"column":91}}],"line":24},"5":{"loc":{"start":{"line":26,"column":6},"end":{"line":41,"column":7}},"type":"if","locations":[{"start":{"line":26,"column":6},"end":{"line":41,"column":7}},{"start":{"line":39,"column":13},"end":{"line":41,"column":7}}],"line":26},"6":{"loc":{"start":{"line":31,"column":10},"end":{"line":37,"column":11}},"type":"if","locations":[{"start":{"line":31,"column":10},"end":{"line":37,"column":11}},{"start":{"line":33,"column":17},"end":{"line":37,"column":11}}],"line":31},"7":{"loc":{"start":{"line":33,"column":17},"end":{"line":37,"column":11}},"type":"if","locations":[{"start":{"line":33,"column":17},"end":{"line":37,"column":11}},{"start":{"line":35,"column":17},"end":{"line":37,"column":11}}],"line":33}},"s":{"0":4,"1":10,"2":10,"3":10,"4":10,"5":10,"6":10,"7":10,"8":3,"9":3,"10":7,"11":7,"12":3,"13":3,"14":7,"15":7,"16":7,"17":5,"18":5,"19":5,"20":4,"21":4,"22":0,"23":0,"24":0,"25":2},"f":{"0":10,"1":10,"2":7,"3":4},"b":{"0":[10,0],"1":[3,7],"2":[10,7],"3":[3,4],"4":[7,5],"5":[5,2],"6":[4,0],"7":[0,0]},"_coverageSchema":"1a1c01bbd47fc00a2c39e90264f33305004495a9","hash":"2adde940b142e63f4bf6939b5b22f55660717061"}
}
