{"C:\\Users\\aleja\\RTAD_Proyecto_Final\\RDAT\\frontend\\app.js": {"path":"C:\\Users\\aleja\\RTAD_Proyecto_Final\\RDAT\\frontend\\app.js","statementMap":{"0":{"start":{"line":1,"column":0},"end":{"line":38,"column":3}},"1":{"start":{"line":2,"column":15},"end":{"line":2,"column":51}},"2":{"start":{"line":3,"column":2},"end":{"line":37,"column":3}},"3":{"start":{"line":4,"column":4},"end":{"line":36,"column":7}},"4":{"start":{"line":5,"column":6},"end":{"line":5,"column":25}},"5":{"start":{"line":6,"column":23},"end":{"line":6,"column":71}},"6":{"start":{"line":7,"column":23},"end":{"line":7,"column":71}},"7":{"start":{"line":9,"column":6},"end":{"line":12,"column":7}},"8":{"start":{"line":10,"column":8},"end":{"line":10,"column":100}},"9":{"start":{"line":11,"column":8},"end":{"line":11,"column":15}},"10":{"start":{"line":15,"column":6},"end":{"line":35,"column":7}},"11":{"start":{"line":16,"column":20},"end":{"line":20,"column":10}},"12":{"start":{"line":22,"column":21},"end":{"line":22,"column":37}},"13":{"start":{"line":24,"column":8},"end":{"line":32,"column":9}},"14":{"start":{"line":25,"column":10},"end":{"line":25,"column":80}},"15":{"start":{"line":26,"column":10},"end":{"line":26,"column":72}},"16":{"start":{"line":27,"column":10},"end":{"line":29,"column":19}},"17":{"start":{"line":28,"column":12},"end":{"line":28,"column":56}},"18":{"start":{"line":31,"column":10},"end":{"line":31,"column":110}},"19":{"start":{"line":34,"column":8},"end":{"line":34,"column":89}}},"fnMap":{"0":{"name":"(anonymous_0)","decl":{"start":{"line":1,"column":46},"end":{"line":1,"column":47}},"loc":{"start":{"line":1,"column":57},"end":{"line":38,"column":1}},"line":1},"1":{"name":"(anonymous_1)","decl":{"start":{"line":4,"column":36},"end":{"line":4,"column":37}},"loc":{"start":{"line":4,"column":54},"end":{"line":36,"column":5}},"line":4},"2":{"name":"(anonymous_2)","decl":{"start":{"line":27,"column":21},"end":{"line":27,"column":22}},"loc":{"start":{"line":27,"column":27},"end":{"line":29,"column":11}},"line":27}},"branchMap":{"0":{"loc":{"start":{"line":3,"column":2},"end":{"line":37,"column":3}},"type":"if","locations":[{"start":{"line":3,"column":2},"end":{"line":37,"column":3}},{"start":{},"end":{}}],"line":3},"1":{"loc":{"start":{"line":9,"column":6},"end":{"line":12,"column":7}},"type":"if","locations":[{"start":{"line":9,"column":6},"end":{"line":12,"column":7}},{"start":{},"end":{}}],"line":9},"2":{"loc":{"start":{"line":9,"column":10},"end":{"line":9,"column":32}},"type":"binary-expr","locations":[{"start":{"line":9,"column":10},"end":{"line":9,"column":19}},{"start":{"line":9,"column":23},"end":{"line":9,"column":32}}],"line":9},"3":{"loc":{"start":{"line":24,"column":8},"end":{"line":32,"column":9}},"type":"if","locations":[{"start":{"line":24,"column":8},"end":{"line":32,"column":9}},{"start":{"line":30,"column":15},"end":{"line":32,"column":9}}],"line":24},"4":{"loc":{"start":{"line":24,"column":12},"end":{"line":24,"column":34}},"type":"binary-expr","locations":[{"start":{"line":24,"column":12},"end":{"line":24,"column":18}},{"start":{"line":24,"column":22},"end":{"line":24,"column":34}}],"line":24},"5":{"loc":{"start":{"line":31,"column":59},"end":{"line":31,"column":109}},"type":"binary-expr","locations":[{"start":{"line":31,"column":59},"end":{"line":31,"column":71}},{"start":{"line":31,"column":75},"end":{"line":31,"column":109}}],"line":31}},"s":{"0":3,"1":6,"2":6,"3":6,"4":6,"5":6,"6":6,"7":6,"8":3,"9":3,"10":3,"11":3,"12":2,"13":1,"14":1,"15":1,"16":1,"17":0,"18":0,"19":2},"f":{"0":6,"1":6,"2":0},"b":{"0":[6,0],"1":[3,3],"2":[6,3],"3":[1,0],"4":[1,1],"5":[0,0]},"_coverageSchema":"1a1c01bbd47fc00a2c39e90264f33305004495a9","hash":"536b2d3dbc6adc0b6f03febe128ec758aecb7026"}
}
