TN:
SF:app.js
FN:1,(anonymous_0)
FN:4,(anonymous_1)
FN:24,(anonymous_2)
FN:29,(anonymous_3)
FNF:4
FNH:4
FNDA:10,(anonymous_0)
FNDA:10,(anonymous_1)
FNDA:7,(anonymous_2)
FNDA:4,(anonymous_3)
DA:1,4
DA:2,10
DA:3,10
DA:4,10
DA:5,10
DA:6,10
DA:7,10
DA:9,10
DA:10,3
DA:11,3
DA:15,7
DA:16,7
DA:17,3
DA:20,3
DA:24,7
DA:26,7
DA:27,5
DA:28,5
DA:29,5
DA:30,4
DA:33,2
LF:21
LH:21
BRDA:3,0,0,10
BRDA:3,0,1,0
BRDA:9,1,0,3
BRDA:9,1,1,7
BRDA:9,2,0,10
BRDA:9,2,1,7
BRDA:16,3,0,3
BRDA:16,3,1,4
BRDA:24,4,0,7
BRDA:24,4,1,5
BRDA:26,5,0,5
BRDA:26,5,1,2
BRF:12
BRH:11
end_of_record
