{"C:\\Users\\jorda\\RTAD_Proyecto_Final\\RDAT\\backend\\controllers\\auth.controller.js": {"path":"C:\\Users\\jorda\\RTAD_Proyecto_Final\\RDAT\\backend\\controllers\\auth.controller.js","statementMap":{"0":{"start":{"line":1,"column":11},"end":{"line":1,"column":24}},"1":{"start":{"line":2,"column":13},"end":{"line":2,"column":28}},"2":{"start":{"line":4,"column":0},"end":{"line":26,"column":2}},"3":{"start":{"line":5,"column":33},"end":{"line":5,"column":41}},"4":{"start":{"line":7,"column":2},"end":{"line":25,"column":3}},"5":{"start":{"line":9,"column":25},"end":{"line":9,"column":68}},"6":{"start":{"line":10,"column":21},"end":{"line":10,"column":70}},"7":{"start":{"line":13,"column":20},"end":{"line":13,"column":90}},"8":{"start":{"line":13,"column":39},"end":{"line":13,"column":89}},"9":{"start":{"line":15,"column":4},"end":{"line":20,"column":5}},"10":{"start":{"line":16,"column":6},"end":{"line":19,"column":9}},"11":{"start":{"line":22,"column":4},"end":{"line":22,"column":79}},"12":{"start":{"line":24,"column":4},"end":{"line":24,"column":62}}},"fnMap":{"0":{"name":"(anonymous_0)","decl":{"start":{"line":4,"column":16},"end":{"line":4,"column":17}},"loc":{"start":{"line":4,"column":36},"end":{"line":26,"column":1}},"line":4},"1":{"name":"(anonymous_1)","decl":{"start":{"line":13,"column":34},"end":{"line":13,"column":35}},"loc":{"start":{"line":13,"column":39},"end":{"line":13,"column":89}},"line":13}},"branchMap":{"0":{"loc":{"start":{"line":13,"column":39},"end":{"line":13,"column":89}},"type":"binary-expr","locations":[{"start":{"line":13,"column":39},"end":{"line":13,"column":62}},{"start":{"line":13,"column":66},"end":{"line":13,"column":89}}],"line":13},"1":{"loc":{"start":{"line":15,"column":4},"end":{"line":20,"column":5}},"type":"if","locations":[{"start":{"line":15,"column":4},"end":{"line":20,"column":5}},{"start":{},"end":{}}],"line":15}},"s":{"0":1,"1":1,"2":1,"3":3,"4":3,"5":3,"6":3,"7":2,"8":2,"9":2,"10":1,"11":1,"12":1},"f":{"0":3,"1":2},"b":{"0":[2,2],"1":[1,1]},"_coverageSchema":"1a1c01bbd47fc00a2c39e90264f33305004495a9","hash":"42d4ed7e1a74460426a839df77702ea60045069b"}
,"C:\\Users\\jorda\\RTAD_Proyecto_Final\\RDAT\\backend\\models\\users.js": {"path":"C:\\Users\\jorda\\RTAD_Proyecto_Final\\RDAT\\backend\\models\\users.js","statementMap":{"0":{"start":{"line":1,"column":11},"end":{"line":1,"column":24}},"1":{"start":{"line":2,"column":13},"end":{"line":2,"column":28}},"2":{"start":{"line":3,"column":18},"end":{"line":3,"column":70}},"3":{"start":{"line":7,"column":2},"end":{"line":7,"column":43}},"4":{"start":{"line":7,"column":33},"end":{"line":7,"column":43}},"5":{"start":{"line":8,"column":2},"end":{"line":8,"column":56}},"6":{"start":{"line":12,"column":0},"end":{"line":24,"column":2}},"7":{"start":{"line":13,"column":33},"end":{"line":13,"column":41}},"8":{"start":{"line":14,"column":16},"end":{"line":14,"column":26}},"9":{"start":{"line":15,"column":15},"end":{"line":15,"column":82}},"10":{"start":{"line":15,"column":31},"end":{"line":15,"column":81}},"11":{"start":{"line":16,"column":2},"end":{"line":23,"column":3}},"12":{"start":{"line":17,"column":4},"end":{"line":20,"column":7}},"13":{"start":{"line":22,"column":4},"end":{"line":22,"column":74}},"14":{"start":{"line":28,"column":2},"end":{"line":28,"column":70}},"15":{"start":{"line":33,"column":0},"end":{"line":35,"column":2}},"16":{"start":{"line":34,"column":2},"end":{"line":34,"column":23}},"17":{"start":{"line":38,"column":0},"end":{"line":53,"column":2}},"18":{"start":{"line":39,"column":39},"end":{"line":39,"column":47}},"19":{"start":{"line":40,"column":14},"end":{"line":40,"column":24}},"20":{"start":{"line":41,"column":2},"end":{"line":43,"column":3}},"21":{"start":{"line":41,"column":22},"end":{"line":41,"column":45}},"22":{"start":{"line":42,"column":4},"end":{"line":42,"column":70}},"23":{"start":{"line":44,"column":18},"end":{"line":49,"column":3}},"24":{"start":{"line":50,"column":2},"end":{"line":50,"column":22}},"25":{"start":{"line":51,"column":2},"end":{"line":51,"column":19}},"26":{"start":{"line":52,"column":2},"end":{"line":52,"column":20}},"27":{"start":{"line":56,"column":0},"end":{"line":62,"column":2}},"28":{"start":{"line":57,"column":14},"end":{"line":57,"column":24}},"29":{"start":{"line":58,"column":13},"end":{"line":58,"column":36}},"30":{"start":{"line":59,"column":2},"end":{"line":59,"column":41}},"31":{"start":{"line":59,"column":28},"end":{"line":59,"column":39}},"32":{"start":{"line":60,"column":2},"end":{"line":60,"column":19}},"33":{"start":{"line":61,"column":2},"end":{"line":61,"column":30}}},"fnMap":{"0":{"name":"getUsers","decl":{"start":{"line":6,"column":9},"end":{"line":6,"column":17}},"loc":{"start":{"line":6,"column":20},"end":{"line":9,"column":1}},"line":6},"1":{"name":"(anonymous_1)","decl":{"start":{"line":12,"column":16},"end":{"line":12,"column":17}},"loc":{"start":{"line":12,"column":30},"end":{"line":24,"column":1}},"line":12},"2":{"name":"(anonymous_2)","decl":{"start":{"line":15,"column":26},"end":{"line":15,"column":27}},"loc":{"start":{"line":15,"column":31},"end":{"line":15,"column":81}},"line":15},"3":{"name":"saveUsers","decl":{"start":{"line":27,"column":9},"end":{"line":27,"column":18}},"loc":{"start":{"line":27,"column":26},"end":{"line":29,"column":1}},"line":27},"4":{"name":"(anonymous_4)","decl":{"start":{"line":33,"column":15},"end":{"line":33,"column":16}},"loc":{"start":{"line":33,"column":29},"end":{"line":35,"column":1}},"line":33},"5":{"name":"(anonymous_5)","decl":{"start":{"line":38,"column":14},"end":{"line":38,"column":15}},"loc":{"start":{"line":38,"column":28},"end":{"line":53,"column":1}},"line":38},"6":{"name":"(anonymous_6)","decl":{"start":{"line":41,"column":17},"end":{"line":41,"column":18}},"loc":{"start":{"line":41,"column":22},"end":{"line":41,"column":45}},"line":41},"7":{"name":"(anonymous_7)","decl":{"start":{"line":56,"column":17},"end":{"line":56,"column":18}},"loc":{"start":{"line":56,"column":31},"end":{"line":62,"column":1}},"line":56},"8":{"name":"(anonymous_8)","decl":{"start":{"line":59,"column":23},"end":{"line":59,"column":24}},"loc":{"start":{"line":59,"column":28},"end":{"line":59,"column":39}},"line":59}},"branchMap":{"0":{"loc":{"start":{"line":7,"column":2},"end":{"line":7,"column":43}},"type":"if","locations":[{"start":{"line":7,"column":2},"end":{"line":7,"column":43}},{"start":{},"end":{}}],"line":7},"1":{"loc":{"start":{"line":15,"column":31},"end":{"line":15,"column":81}},"type":"binary-expr","locations":[{"start":{"line":15,"column":31},"end":{"line":15,"column":54}},{"start":{"line":15,"column":58},"end":{"line":15,"column":81}}],"line":15},"2":{"loc":{"start":{"line":16,"column":2},"end":{"line":23,"column":3}},"type":"if","locations":[{"start":{"line":16,"column":2},"end":{"line":23,"column":3}},{"start":{"line":21,"column":9},"end":{"line":23,"column":3}}],"line":16},"3":{"loc":{"start":{"line":41,"column":2},"end":{"line":43,"column":3}},"type":"if","locations":[{"start":{"line":41,"column":2},"end":{"line":43,"column":3}},{"start":{},"end":{}}],"line":41},"4":{"loc":{"start":{"line":45,"column":8},"end":{"line":45,"column":57}},"type":"cond-expr","locations":[{"start":{"line":45,"column":23},"end":{"line":45,"column":53}},{"start":{"line":45,"column":56},"end":{"line":45,"column":57}}],"line":45}},"s":{"0":2,"1":2,"2":2,"3":11,"4":0,"5":11,"6":2,"7":4,"8":4,"9":4,"10":6,"11":4,"12":2,"13":2,"14":4,"15":2,"16":2,"17":2,"18":3,"19":3,"20":3,"21":5,"22":1,"23":2,"24":2,"25":2,"26":2,"27":2,"28":2,"29":2,"30":2,"31":4,"32":2,"33":2},"f":{"0":11,"1":4,"2":6,"3":4,"4":2,"5":3,"6":5,"7":2,"8":4},"b":{"0":[0,11],"1":[6,4],"2":[2,2],"3":[1,2],"4":[2,0]},"_coverageSchema":"1a1c01bbd47fc00a2c39e90264f33305004495a9","hash":"229d9407e51442cd9aeec9a7960c7ddb26d26842"}
,"C:\\Users\\jorda\\RTAD_Proyecto_Final\\RDAT\\backend\\routes\\auth.routes.js": {"path":"C:\\Users\\jorda\\RTAD_Proyecto_Final\\RDAT\\backend\\routes\\auth.routes.js","statementMap":{"0":{"start":{"line":1,"column":16},"end":{"line":1,"column":34}},"1":{"start":{"line":2,"column":15},"end":{"line":2,"column":31}},"2":{"start":{"line":3,"column":24},"end":{"line":3,"column":50}},"3":{"start":{"line":5,"column":0},"end":{"line":5,"column":45}},"4":{"start":{"line":6,"column":0},"end":{"line":6,"column":46}},"5":{"start":{"line":7,"column":0},"end":{"line":7,"column":46}},"6":{"start":{"line":8,"column":0},"end":{"line":8,"column":55}},"7":{"start":{"line":10,"column":0},"end":{"line":10,"column":24}}},"fnMap":{},"branchMap":{},"s":{"0":1,"1":1,"2":1,"3":1,"4":1,"5":1,"6":1,"7":1},"f":{},"b":{},"_coverageSchema":"1a1c01bbd47fc00a2c39e90264f33305004495a9","hash":"6c56fc8e649f4c61e75263dd835c1a50b1e16c20"}
}
