{"C:\\Users\\aleja\\RTAD_Proyecto_Final\\RDAT\\backend\\controllers\\auth.controller.js": {"path":"C:\\Users\\aleja\\RTAD_Proyecto_Final\\RDAT\\backend\\controllers\\auth.controller.js","statementMap":{"0":{"start":{"line":1,"column":11},"end":{"line":1,"column":24}},"1":{"start":{"line":2,"column":13},"end":{"line":2,"column":28}},"2":{"start":{"line":4,"column":0},"end":{"line":26,"column":2}},"3":{"start":{"line":5,"column":33},"end":{"line":5,"column":41}},"4":{"start":{"line":7,"column":2},"end":{"line":25,"column":3}},"5":{"start":{"line":9,"column":25},"end":{"line":9,"column":68}},"6":{"start":{"line":10,"column":21},"end":{"line":10,"column":70}},"7":{"start":{"line":13,"column":20},"end":{"line":13,"column":90}},"8":{"start":{"line":13,"column":39},"end":{"line":13,"column":89}},"9":{"start":{"line":15,"column":4},"end":{"line":20,"column":5}},"10":{"start":{"line":16,"column":6},"end":{"line":19,"column":9}},"11":{"start":{"line":22,"column":4},"end":{"line":22,"column":79}},"12":{"start":{"line":24,"column":4},"end":{"line":24,"column":62}}},"fnMap":{"0":{"name":"(anonymous_0)","decl":{"start":{"line":4,"column":16},"end":{"line":4,"column":17}},"loc":{"start":{"line":4,"column":36},"end":{"line":26,"column":1}},"line":4},"1":{"name":"(anonymous_1)","decl":{"start":{"line":13,"column":34},"end":{"line":13,"column":35}},"loc":{"start":{"line":13,"column":39},"end":{"line":13,"column":89}},"line":13}},"branchMap":{"0":{"loc":{"start":{"line":13,"column":39},"end":{"line":13,"column":89}},"type":"binary-expr","locations":[{"start":{"line":13,"column":39},"end":{"line":13,"column":62}},{"start":{"line":13,"column":66},"end":{"line":13,"column":89}}],"line":13},"1":{"loc":{"start":{"line":15,"column":4},"end":{"line":20,"column":5}},"type":"if","locations":[{"start":{"line":15,"column":4},"end":{"line":20,"column":5}},{"start":{},"end":{}}],"line":15}},"s":{"0":1,"1":1,"2":1,"3":3,"4":3,"5":3,"6":3,"7":2,"8":2,"9":2,"10":1,"11":1,"12":1},"f":{"0":3,"1":2},"b":{"0":[2,2],"1":[1,1]},"_coverageSchema":"1a1c01bbd47fc00a2c39e90264f33305004495a9","hash":"f3c27a9c9c5a4cafcd820ba94019c0efec950916"}
,"C:\\Users\\aleja\\RTAD_Proyecto_Final\\RDAT\\backend\\controllers\\usuario.controller.js": {"path":"C:\\Users\\aleja\\RTAD_Proyecto_Final\\RDAT\\backend\\controllers\\usuario.controller.js","statementMap":{"0":{"start":{"line":1,"column":16},"end":{"line":1,"column":50}},"1":{"start":{"line":4,"column":0},"end":{"line":26,"column":2}},"2":{"start":{"line":5,"column":33},"end":{"line":5,"column":41}},"3":{"start":{"line":7,"column":2},"end":{"line":25,"column":3}},"4":{"start":{"line":8,"column":20},"end":{"line":8,"column":59}},"5":{"start":{"line":10,"column":4},"end":{"line":19,"column":5}},"6":{"start":{"line":11,"column":6},"end":{"line":18,"column":9}},"7":{"start":{"line":21,"column":4},"end":{"line":21,"column":81}},"8":{"start":{"line":23,"column":4},"end":{"line":23,"column":44}},"9":{"start":{"line":24,"column":4},"end":{"line":24,"column":78}},"10":{"start":{"line":29,"column":0},"end":{"line":42,"column":2}},"11":{"start":{"line":30,"column":2},"end":{"line":41,"column":3}},"12":{"start":{"line":31,"column":21},"end":{"line":31,"column":43}},"13":{"start":{"line":32,"column":32},"end":{"line":36,"column":7}},"14":{"start":{"line":32,"column":51},"end":{"line":36,"column":5}},"15":{"start":{"line":37,"column":4},"end":{"line":37,"column":34}},"16":{"start":{"line":39,"column":4},"end":{"line":39,"column":54}},"17":{"start":{"line":40,"column":4},"end":{"line":40,"column":78}},"18":{"start":{"line":45,"column":0},"end":{"line":88,"column":2}},"19":{"start":{"line":46,"column":39},"end":{"line":46,"column":47}},"20":{"start":{"line":48,"column":2},"end":{"line":87,"column":3}},"21":{"start":{"line":49,"column":19},"end":{"line":50,"column":67}},"22":{"start":{"line":52,"column":15},"end":{"line":52,"column":63}},"23":{"start":{"line":53,"column":4},"end":{"line":57,"column":7}},"24":{"start":{"line":60,"column":15},"end":{"line":60,"column":28}},"25":{"start":{"line":61,"column":17},"end":{"line":61,"column":32}},"26":{"start":{"line":62,"column":25},"end":{"line":62,"column":71}},"27":{"start":{"line":64,"column":4},"end":{"line":86,"column":5}},"28":{"start":{"line":65,"column":21},"end":{"line":65,"column":23}},"29":{"start":{"line":66,"column":6},"end":{"line":68,"column":7}},"30":{"start":{"line":67,"column":8},"end":{"line":67,"column":69}},"31":{"start":{"line":70,"column":6},"end":{"line":72,"column":7}},"32":{"start":{"line":70,"column":29},"end":{"line":70,"column":52}},"33":{"start":{"line":71,"column":8},"end":{"line":71,"column":74}},"34":{"start":{"line":74,"column":22},"end":{"line":79,"column":7}},"35":{"start":{"line":75,"column":60},"end":{"line":75,"column":64}},"36":{"start":{"line":81,"column":6},"end":{"line":81,"column":29}},"37":{"start":{"line":82,"column":6},"end":{"line":82,"column":72}},"38":{"start":{"line":83,"column":6},"end":{"line":83,"column":24}},"39":{"start":{"line":85,"column":6},"end":{"line":85,"column":64}},"40":{"start":{"line":91,"column":0},"end":{"line":120,"column":2}},"41":{"start":{"line":92,"column":17},"end":{"line":92,"column":27}},"42":{"start":{"line":94,"column":2},"end":{"line":119,"column":3}},"43":{"start":{"line":95,"column":20},"end":{"line":95,"column":44}},"44":{"start":{"line":96,"column":4},"end":{"line":100,"column":5}},"45":{"start":{"line":97,"column":6},"end":{"line":97,"column":34}},"46":{"start":{"line":99,"column":6},"end":{"line":99,"column":65}},"47":{"start":{"line":103,"column":15},"end":{"line":103,"column":28}},"48":{"start":{"line":104,"column":17},"end":{"line":104,"column":32}},"49":{"start":{"line":105,"column":25},"end":{"line":105,"column":71}},"50":{"start":{"line":107,"column":4},"end":{"line":118,"column":5}},"51":{"start":{"line":108,"column":6},"end":{"line":115,"column":7}},"52":{"start":{"line":109,"column":23},"end":{"line":109,"column":72}},"53":{"start":{"line":110,"column":8},"end":{"line":110,"column":63}},"54":{"start":{"line":110,"column":40},"end":{"line":110,"column":61}},"55":{"start":{"line":111,"column":8},"end":{"line":111,"column":74}},"56":{"start":{"line":112,"column":8},"end":{"line":112,"column":36}},"57":{"start":{"line":114,"column":8},"end":{"line":114,"column":67}},"58":{"start":{"line":117,"column":6},"end":{"line":117,"column":64}}},"fnMap":{"0":{"name":"(anonymous_0)","decl":{"start":{"line":4,"column":16},"end":{"line":4,"column":17}},"loc":{"start":{"line":4,"column":36},"end":{"line":26,"column":1}},"line":4},"1":{"name":"(anonymous_1)","decl":{"start":{"line":29,"column":15},"end":{"line":29,"column":16}},"loc":{"start":{"line":29,"column":35},"end":{"line":42,"column":1}},"line":29},"2":{"name":"(anonymous_2)","decl":{"start":{"line":32,"column":45},"end":{"line":32,"column":46}},"loc":{"start":{"line":32,"column":51},"end":{"line":36,"column":5}},"line":32},"3":{"name":"(anonymous_3)","decl":{"start":{"line":45,"column":14},"end":{"line":45,"column":15}},"loc":{"start":{"line":45,"column":34},"end":{"line":88,"column":1}},"line":45},"4":{"name":"(anonymous_4)","decl":{"start":{"line":70,"column":24},"end":{"line":70,"column":25}},"loc":{"start":{"line":70,"column":29},"end":{"line":70,"column":52}},"line":70},"5":{"name":"(anonymous_5)","decl":{"start":{"line":75,"column":55},"end":{"line":75,"column":56}},"loc":{"start":{"line":75,"column":60},"end":{"line":75,"column":64}},"line":75},"6":{"name":"(anonymous_6)","decl":{"start":{"line":91,"column":17},"end":{"line":91,"column":18}},"loc":{"start":{"line":91,"column":37},"end":{"line":120,"column":1}},"line":91},"7":{"name":"(anonymous_7)","decl":{"start":{"line":110,"column":35},"end":{"line":110,"column":36}},"loc":{"start":{"line":110,"column":40},"end":{"line":110,"column":61}},"line":110}},"branchMap":{"0":{"loc":{"start":{"line":10,"column":4},"end":{"line":19,"column":5}},"type":"if","locations":[{"start":{"line":10,"column":4},"end":{"line":19,"column":5}},{"start":{},"end":{}}],"line":10},"1":{"loc":{"start":{"line":49,"column":19},"end":{"line":50,"column":67}},"type":"cond-expr","locations":[{"start":{"line":49,"column":38},"end":{"line":49,"column":45}},{"start":{"line":50,"column":19},"end":{"line":50,"column":67}}],"line":49},"2":{"loc":{"start":{"line":50,"column":19},"end":{"line":50,"column":67}},"type":"cond-expr","locations":[{"start":{"line":50,"column":41},"end":{"line":50,"column":51}},{"start":{"line":50,"column":54},"end":{"line":50,"column":67}}],"line":50},"3":{"loc":{"start":{"line":66,"column":6},"end":{"line":68,"column":7}},"type":"if","locations":[{"start":{"line":66,"column":6},"end":{"line":68,"column":7}},{"start":{},"end":{}}],"line":66},"4":{"loc":{"start":{"line":70,"column":6},"end":{"line":72,"column":7}},"type":"if","locations":[{"start":{"line":70,"column":6},"end":{"line":72,"column":7}},{"start":{},"end":{}}],"line":70},"5":{"loc":{"start":{"line":75,"column":12},"end":{"line":75,"column":74}},"type":"cond-expr","locations":[{"start":{"line":75,"column":30},"end":{"line":75,"column":70}},{"start":{"line":75,"column":73},"end":{"line":75,"column":74}}],"line":75},"6":{"loc":{"start":{"line":96,"column":4},"end":{"line":100,"column":5}},"type":"if","locations":[{"start":{"line":96,"column":4},"end":{"line":100,"column":5}},{"start":{"line":98,"column":11},"end":{"line":100,"column":5}}],"line":96},"7":{"loc":{"start":{"line":108,"column":6},"end":{"line":115,"column":7}},"type":"if","locations":[{"start":{"line":108,"column":6},"end":{"line":115,"column":7}},{"start":{"line":113,"column":13},"end":{"line":115,"column":7}}],"line":108}},"s":{"0":1,"1":1,"2":2,"3":2,"4":2,"5":2,"6":1,"7":1,"8":0,"9":0,"10":1,"11":1,"12":1,"13":1,"14":1,"15":1,"16":0,"17":0,"18":1,"19":1,"20":1,"21":1,"22":1,"23":1,"24":0,"25":0,"26":0,"27":0,"28":0,"29":0,"30":0,"31":0,"32":0,"33":0,"34":0,"35":0,"36":0,"37":0,"38":0,"39":0,"40":1,"41":1,"42":1,"43":1,"44":1,"45":1,"46":0,"47":0,"48":0,"49":0,"50":0,"51":0,"52":0,"53":0,"54":0,"55":0,"56":0,"57":0,"58":0},"f":{"0":2,"1":1,"2":1,"3":1,"4":0,"5":0,"6":1,"7":0},"b":{"0":[1,1],"1":[0,1],"2":[1,0],"3":[0,0],"4":[0,0],"5":[0,0],"6":[1,0],"7":[0,0]},"_coverageSchema":"1a1c01bbd47fc00a2c39e90264f33305004495a9","hash":"37cd316718a6a7b40e8fe8fb3130515c33c93ba9"}
,"C:\\Users\\aleja\\RTAD_Proyecto_Final\\RDAT\\backend\\models\\users.js": {"path":"C:\\Users\\aleja\\RTAD_Proyecto_Final\\RDAT\\backend\\models\\users.js","statementMap":{"0":{"start":{"line":1,"column":11},"end":{"line":1,"column":24}},"1":{"start":{"line":2,"column":13},"end":{"line":2,"column":28}},"2":{"start":{"line":3,"column":18},"end":{"line":3,"column":70}},"3":{"start":{"line":7,"column":2},"end":{"line":7,"column":43}},"4":{"start":{"line":7,"column":33},"end":{"line":7,"column":43}},"5":{"start":{"line":8,"column":2},"end":{"line":8,"column":56}},"6":{"start":{"line":12,"column":0},"end":{"line":24,"column":2}},"7":{"start":{"line":13,"column":33},"end":{"line":13,"column":41}},"8":{"start":{"line":14,"column":16},"end":{"line":14,"column":26}},"9":{"start":{"line":15,"column":15},"end":{"line":15,"column":82}},"10":{"start":{"line":15,"column":31},"end":{"line":15,"column":81}},"11":{"start":{"line":16,"column":2},"end":{"line":23,"column":3}},"12":{"start":{"line":17,"column":4},"end":{"line":20,"column":7}},"13":{"start":{"line":22,"column":4},"end":{"line":22,"column":74}},"14":{"start":{"line":28,"column":2},"end":{"line":28,"column":70}},"15":{"start":{"line":33,"column":0},"end":{"line":35,"column":2}},"16":{"start":{"line":34,"column":2},"end":{"line":34,"column":23}},"17":{"start":{"line":38,"column":0},"end":{"line":53,"column":2}},"18":{"start":{"line":39,"column":39},"end":{"line":39,"column":47}},"19":{"start":{"line":40,"column":14},"end":{"line":40,"column":24}},"20":{"start":{"line":41,"column":2},"end":{"line":43,"column":3}},"21":{"start":{"line":41,"column":22},"end":{"line":41,"column":45}},"22":{"start":{"line":42,"column":4},"end":{"line":42,"column":70}},"23":{"start":{"line":44,"column":18},"end":{"line":49,"column":3}},"24":{"start":{"line":50,"column":2},"end":{"line":50,"column":22}},"25":{"start":{"line":51,"column":2},"end":{"line":51,"column":19}},"26":{"start":{"line":52,"column":2},"end":{"line":52,"column":20}},"27":{"start":{"line":56,"column":0},"end":{"line":62,"column":2}},"28":{"start":{"line":57,"column":14},"end":{"line":57,"column":24}},"29":{"start":{"line":58,"column":13},"end":{"line":58,"column":36}},"30":{"start":{"line":59,"column":2},"end":{"line":59,"column":41}},"31":{"start":{"line":59,"column":28},"end":{"line":59,"column":39}},"32":{"start":{"line":60,"column":2},"end":{"line":60,"column":19}},"33":{"start":{"line":61,"column":2},"end":{"line":61,"column":30}}},"fnMap":{"0":{"name":"getUsers","decl":{"start":{"line":6,"column":9},"end":{"line":6,"column":17}},"loc":{"start":{"line":6,"column":20},"end":{"line":9,"column":1}},"line":6},"1":{"name":"(anonymous_1)","decl":{"start":{"line":12,"column":16},"end":{"line":12,"column":17}},"loc":{"start":{"line":12,"column":30},"end":{"line":24,"column":1}},"line":12},"2":{"name":"(anonymous_2)","decl":{"start":{"line":15,"column":26},"end":{"line":15,"column":27}},"loc":{"start":{"line":15,"column":31},"end":{"line":15,"column":81}},"line":15},"3":{"name":"saveUsers","decl":{"start":{"line":27,"column":9},"end":{"line":27,"column":18}},"loc":{"start":{"line":27,"column":26},"end":{"line":29,"column":1}},"line":27},"4":{"name":"(anonymous_4)","decl":{"start":{"line":33,"column":15},"end":{"line":33,"column":16}},"loc":{"start":{"line":33,"column":29},"end":{"line":35,"column":1}},"line":33},"5":{"name":"(anonymous_5)","decl":{"start":{"line":38,"column":14},"end":{"line":38,"column":15}},"loc":{"start":{"line":38,"column":28},"end":{"line":53,"column":1}},"line":38},"6":{"name":"(anonymous_6)","decl":{"start":{"line":41,"column":17},"end":{"line":41,"column":18}},"loc":{"start":{"line":41,"column":22},"end":{"line":41,"column":45}},"line":41},"7":{"name":"(anonymous_7)","decl":{"start":{"line":56,"column":17},"end":{"line":56,"column":18}},"loc":{"start":{"line":56,"column":31},"end":{"line":62,"column":1}},"line":56},"8":{"name":"(anonymous_8)","decl":{"start":{"line":59,"column":23},"end":{"line":59,"column":24}},"loc":{"start":{"line":59,"column":28},"end":{"line":59,"column":39}},"line":59}},"branchMap":{"0":{"loc":{"start":{"line":7,"column":2},"end":{"line":7,"column":43}},"type":"if","locations":[{"start":{"line":7,"column":2},"end":{"line":7,"column":43}},{"start":{},"end":{}}],"line":7},"1":{"loc":{"start":{"line":15,"column":31},"end":{"line":15,"column":81}},"type":"binary-expr","locations":[{"start":{"line":15,"column":31},"end":{"line":15,"column":54}},{"start":{"line":15,"column":58},"end":{"line":15,"column":81}}],"line":15},"2":{"loc":{"start":{"line":16,"column":2},"end":{"line":23,"column":3}},"type":"if","locations":[{"start":{"line":16,"column":2},"end":{"line":23,"column":3}},{"start":{"line":21,"column":9},"end":{"line":23,"column":3}}],"line":16},"3":{"loc":{"start":{"line":41,"column":2},"end":{"line":43,"column":3}},"type":"if","locations":[{"start":{"line":41,"column":2},"end":{"line":43,"column":3}},{"start":{},"end":{}}],"line":41},"4":{"loc":{"start":{"line":45,"column":8},"end":{"line":45,"column":57}},"type":"cond-expr","locations":[{"start":{"line":45,"column":23},"end":{"line":45,"column":53}},{"start":{"line":45,"column":56},"end":{"line":45,"column":57}}],"line":45}},"s":{"0":1,"1":1,"2":1,"3":6,"4":0,"5":6,"6":1,"7":2,"8":2,"9":2,"10":3,"11":2,"12":1,"13":1,"14":2,"15":1,"16":1,"17":1,"18":2,"19":2,"20":2,"21":3,"22":1,"23":1,"24":1,"25":1,"26":1,"27":1,"28":1,"29":1,"30":1,"31":2,"32":1,"33":1},"f":{"0":6,"1":2,"2":3,"3":2,"4":1,"5":2,"6":3,"7":1,"8":2},"b":{"0":[0,6],"1":[3,2],"2":[1,1],"3":[1,1],"4":[1,0]},"_coverageSchema":"1a1c01bbd47fc00a2c39e90264f33305004495a9","hash":"65f7c513898d39e411daeb867c00ea6c360483ba"}
,"C:\\Users\\aleja\\RTAD_Proyecto_Final\\RDAT\\backend\\models\\usuario.model.js": {"path":"C:\\Users\\aleja\\RTAD_Proyecto_Final\\RDAT\\backend\\models\\usuario.model.js","statementMap":{"0":{"start":{"line":1,"column":23},"end":{"line":1,"column":52}},"1":{"start":{"line":6,"column":4},"end":{"line":15,"column":7}},"2":{"start":{"line":7,"column":6},"end":{"line":14,"column":8}},"3":{"start":{"line":11,"column":10},"end":{"line":12,"column":43}},"4":{"start":{"line":11,"column":19},"end":{"line":11,"column":31}},"5":{"start":{"line":12,"column":15},"end":{"line":12,"column":43}},"6":{"start":{"line":20,"column":4},"end":{"line":28,"column":7}},"7":{"start":{"line":21,"column":6},"end":{"line":27,"column":8}},"8":{"start":{"line":24,"column":10},"end":{"line":25,"column":38}},"9":{"start":{"line":24,"column":19},"end":{"line":24,"column":31}},"10":{"start":{"line":25,"column":15},"end":{"line":25,"column":38}},"11":{"start":{"line":33,"column":4},"end":{"line":42,"column":7}},"12":{"start":{"line":34,"column":6},"end":{"line":41,"column":8}},"13":{"start":{"line":38,"column":10},"end":{"line":39,"column":40}},"14":{"start":{"line":38,"column":19},"end":{"line":38,"column":31}},"15":{"start":{"line":39,"column":15},"end":{"line":39,"column":40}},"16":{"start":{"line":47,"column":4},"end":{"line":56,"column":7}},"17":{"start":{"line":48,"column":6},"end":{"line":55,"column":8}},"18":{"start":{"line":52,"column":10},"end":{"line":53,"column":48}},"19":{"start":{"line":52,"column":19},"end":{"line":52,"column":31}},"20":{"start":{"line":53,"column":15},"end":{"line":53,"column":48}},"21":{"start":{"line":60,"column":0},"end":{"line":60,"column":25}}},"fnMap":{"0":{"name":"(anonymous_0)","decl":{"start":{"line":5,"column":2},"end":{"line":5,"column":3}},"loc":{"start":{"line":5,"column":41},"end":{"line":16,"column":3}},"line":5},"1":{"name":"(anonymous_1)","decl":{"start":{"line":6,"column":23},"end":{"line":6,"column":24}},"loc":{"start":{"line":6,"column":44},"end":{"line":15,"column":5}},"line":6},"2":{"name":"(anonymous_2)","decl":{"start":{"line":10,"column":8},"end":{"line":10,"column":9}},"loc":{"start":{"line":10,"column":26},"end":{"line":13,"column":9}},"line":10},"3":{"name":"(anonymous_3)","decl":{"start":{"line":19,"column":2},"end":{"line":19,"column":3}},"loc":{"start":{"line":19,"column":24},"end":{"line":29,"column":3}},"line":19},"4":{"name":"(anonymous_4)","decl":{"start":{"line":20,"column":23},"end":{"line":20,"column":24}},"loc":{"start":{"line":20,"column":44},"end":{"line":28,"column":5}},"line":20},"5":{"name":"(anonymous_5)","decl":{"start":{"line":23,"column":8},"end":{"line":23,"column":9}},"loc":{"start":{"line":23,"column":26},"end":{"line":26,"column":9}},"line":23},"6":{"name":"(anonymous_6)","decl":{"start":{"line":32,"column":2},"end":{"line":32,"column":3}},"loc":{"start":{"line":32,"column":48},"end":{"line":43,"column":3}},"line":32},"7":{"name":"(anonymous_7)","decl":{"start":{"line":33,"column":23},"end":{"line":33,"column":24}},"loc":{"start":{"line":33,"column":44},"end":{"line":42,"column":5}},"line":33},"8":{"name":"(anonymous_8)","decl":{"start":{"line":37,"column":8},"end":{"line":37,"column":9}},"loc":{"start":{"line":37,"column":25},"end":{"line":40,"column":9}},"line":37},"9":{"name":"(anonymous_9)","decl":{"start":{"line":46,"column":2},"end":{"line":46,"column":3}},"loc":{"start":{"line":46,"column":26},"end":{"line":57,"column":3}},"line":46},"10":{"name":"(anonymous_10)","decl":{"start":{"line":47,"column":23},"end":{"line":47,"column":24}},"loc":{"start":{"line":47,"column":44},"end":{"line":56,"column":5}},"line":47},"11":{"name":"(anonymous_11)","decl":{"start":{"line":51,"column":8},"end":{"line":51,"column":9}},"loc":{"start":{"line":51,"column":25},"end":{"line":54,"column":9}},"line":51}},"branchMap":{"0":{"loc":{"start":{"line":11,"column":10},"end":{"line":12,"column":43}},"type":"if","locations":[{"start":{"line":11,"column":10},"end":{"line":12,"column":43}},{"start":{"line":12,"column":15},"end":{"line":12,"column":43}}],"line":11},"1":{"loc":{"start":{"line":12,"column":23},"end":{"line":12,"column":41}},"type":"binary-expr","locations":[{"start":{"line":12,"column":23},"end":{"line":12,"column":33}},{"start":{"line":12,"column":37},"end":{"line":12,"column":41}}],"line":12},"2":{"loc":{"start":{"line":24,"column":10},"end":{"line":25,"column":38}},"type":"if","locations":[{"start":{"line":24,"column":10},"end":{"line":25,"column":38}},{"start":{"line":25,"column":15},"end":{"line":25,"column":38}}],"line":24},"3":{"loc":{"start":{"line":25,"column":23},"end":{"line":25,"column":36}},"type":"binary-expr","locations":[{"start":{"line":25,"column":23},"end":{"line":25,"column":30}},{"start":{"line":25,"column":34},"end":{"line":25,"column":36}}],"line":25},"4":{"loc":{"start":{"line":38,"column":10},"end":{"line":39,"column":40}},"type":"if","locations":[{"start":{"line":38,"column":10},"end":{"line":39,"column":40}},{"start":{"line":39,"column":15},"end":{"line":39,"column":40}}],"line":38},"5":{"loc":{"start":{"line":52,"column":10},"end":{"line":53,"column":48}},"type":"if","locations":[{"start":{"line":52,"column":10},"end":{"line":53,"column":48}},{"start":{"line":53,"column":15},"end":{"line":53,"column":48}}],"line":52}},"s":{"0":0,"1":0,"2":0,"3":0,"4":0,"5":0,"6":0,"7":0,"8":0,"9":0,"10":0,"11":0,"12":0,"13":0,"14":0,"15":0,"16":0,"17":0,"18":0,"19":0,"20":0,"21":0},"f":{"0":0,"1":0,"2":0,"3":0,"4":0,"5":0,"6":0,"7":0,"8":0,"9":0,"10":0,"11":0},"b":{"0":[0,0],"1":[0,0],"2":[0,0],"3":[0,0],"4":[0,0],"5":[0,0]}}
,"C:\\Users\\aleja\\RTAD_Proyecto_Final\\RDAT\\backend\\routes\\animales.routes.js": {"path":"C:\\Users\\aleja\\RTAD_Proyecto_Final\\RDAT\\backend\\routes\\animales.routes.js","statementMap":{"0":{"start":{"line":1,"column":16},"end":{"line":1,"column":34}},"1":{"start":{"line":2,"column":15},"end":{"line":2,"column":31}},"2":{"start":{"line":3,"column":23},"end":{"line":3,"column":52}},"3":{"start":{"line":6,"column":0},"end":{"line":14,"column":3}},"4":{"start":{"line":7,"column":2},"end":{"line":13,"column":5}},"5":{"start":{"line":8,"column":4},"end":{"line":11,"column":5}},"6":{"start":{"line":9,"column":6},"end":{"line":9,"column":55}},"7":{"start":{"line":10,"column":6},"end":{"line":10,"column":76}},"8":{"start":{"line":12,"column":4},"end":{"line":12,"column":22}},"9":{"start":{"line":17,"column":0},"end":{"line":32,"column":3}},"10":{"start":{"line":18,"column":125},"end":{"line":18,"column":133}},"11":{"start":{"line":20,"column":16},"end":{"line":23,"column":3}},"12":{"start":{"line":25,"column":2},"end":{"line":31,"column":5}},"13":{"start":{"line":26,"column":4},"end":{"line":29,"column":5}},"14":{"start":{"line":27,"column":6},"end":{"line":27,"column":53}},"15":{"start":{"line":28,"column":6},"end":{"line":28,"column":74}},"16":{"start":{"line":30,"column":4},"end":{"line":30,"column":79}},"17":{"start":{"line":35,"column":0},"end":{"line":51,"column":3}},"18":{"start":{"line":36,"column":17},"end":{"line":36,"column":27}},"19":{"start":{"line":37,"column":34},"end":{"line":37,"column":42}},"20":{"start":{"line":39,"column":2},"end":{"line":50,"column":5}},"21":{"start":{"line":40,"column":4},"end":{"line":43,"column":5}},"22":{"start":{"line":41,"column":6},"end":{"line":41,"column":56}},"23":{"start":{"line":42,"column":6},"end":{"line":42,"column":77}},"24":{"start":{"line":45,"column":4},"end":{"line":47,"column":5}},"25":{"start":{"line":46,"column":6},"end":{"line":46,"column":71}},"26":{"start":{"line":49,"column":4},"end":{"line":49,"column":61}},"27":{"start":{"line":54,"column":0},"end":{"line":69,"column":3}},"28":{"start":{"line":55,"column":17},"end":{"line":55,"column":27}},"29":{"start":{"line":57,"column":2},"end":{"line":68,"column":5}},"30":{"start":{"line":58,"column":4},"end":{"line":61,"column":5}},"31":{"start":{"line":59,"column":6},"end":{"line":59,"column":54}},"32":{"start":{"line":60,"column":6},"end":{"line":60,"column":75}},"33":{"start":{"line":63,"column":4},"end":{"line":65,"column":5}},"34":{"start":{"line":64,"column":6},"end":{"line":64,"column":71}},"35":{"start":{"line":67,"column":4},"end":{"line":67,"column":59}},"36":{"start":{"line":71,"column":0},"end":{"line":71,"column":24}}},"fnMap":{"0":{"name":"(anonymous_0)","decl":{"start":{"line":6,"column":16},"end":{"line":6,"column":17}},"loc":{"start":{"line":6,"column":30},"end":{"line":14,"column":1}},"line":6},"1":{"name":"(anonymous_1)","decl":{"start":{"line":7,"column":70},"end":{"line":7,"column":71}},"loc":{"start":{"line":7,"column":88},"end":{"line":13,"column":3}},"line":7},"2":{"name":"(anonymous_2)","decl":{"start":{"line":17,"column":17},"end":{"line":17,"column":18}},"loc":{"start":{"line":17,"column":31},"end":{"line":32,"column":1}},"line":17},"3":{"name":"(anonymous_3)","decl":{"start":{"line":25,"column":140},"end":{"line":25,"column":141}},"loc":{"start":{"line":25,"column":157},"end":{"line":31,"column":3}},"line":25},"4":{"name":"(anonymous_4)","decl":{"start":{"line":35,"column":19},"end":{"line":35,"column":20}},"loc":{"start":{"line":35,"column":33},"end":{"line":51,"column":1}},"line":35},"5":{"name":"(anonymous_5)","decl":{"start":{"line":39,"column":111},"end":{"line":39,"column":112}},"loc":{"start":{"line":39,"column":128},"end":{"line":50,"column":3}},"line":39},"6":{"name":"(anonymous_6)","decl":{"start":{"line":54,"column":22},"end":{"line":54,"column":23}},"loc":{"start":{"line":54,"column":36},"end":{"line":69,"column":1}},"line":54},"7":{"name":"(anonymous_7)","decl":{"start":{"line":57,"column":67},"end":{"line":57,"column":68}},"loc":{"start":{"line":57,"column":84},"end":{"line":68,"column":3}},"line":57}},"branchMap":{"0":{"loc":{"start":{"line":8,"column":4},"end":{"line":11,"column":5}},"type":"if","locations":[{"start":{"line":8,"column":4},"end":{"line":11,"column":5}},{"start":{},"end":{}}],"line":8},"1":{"loc":{"start":{"line":26,"column":4},"end":{"line":29,"column":5}},"type":"if","locations":[{"start":{"line":26,"column":4},"end":{"line":29,"column":5}},{"start":{},"end":{}}],"line":26},"2":{"loc":{"start":{"line":40,"column":4},"end":{"line":43,"column":5}},"type":"if","locations":[{"start":{"line":40,"column":4},"end":{"line":43,"column":5}},{"start":{},"end":{}}],"line":40},"3":{"loc":{"start":{"line":45,"column":4},"end":{"line":47,"column":5}},"type":"if","locations":[{"start":{"line":45,"column":4},"end":{"line":47,"column":5}},{"start":{},"end":{}}],"line":45},"4":{"loc":{"start":{"line":58,"column":4},"end":{"line":61,"column":5}},"type":"if","locations":[{"start":{"line":58,"column":4},"end":{"line":61,"column":5}},{"start":{},"end":{}}],"line":58},"5":{"loc":{"start":{"line":63,"column":4},"end":{"line":65,"column":5}},"type":"if","locations":[{"start":{"line":63,"column":4},"end":{"line":65,"column":5}},{"start":{},"end":{}}],"line":63}},"s":{"0":1,"1":1,"2":1,"3":1,"4":1,"5":1,"6":0,"7":0,"8":1,"9":1,"10":1,"11":1,"12":1,"13":1,"14":0,"15":0,"16":1,"17":1,"18":0,"19":0,"20":0,"21":0,"22":0,"23":0,"24":0,"25":0,"26":0,"27":1,"28":0,"29":0,"30":0,"31":0,"32":0,"33":0,"34":0,"35":0,"36":1},"f":{"0":1,"1":1,"2":1,"3":1,"4":0,"5":0,"6":0,"7":0},"b":{"0":[0,1],"1":[0,1],"2":[0,0],"3":[0,0],"4":[0,0],"5":[0,0]},"_coverageSchema":"1a1c01bbd47fc00a2c39e90264f33305004495a9","hash":"b9c4062a4201f8139758bd1f0eae07be682736d5"}
,"C:\\Users\\aleja\\RTAD_Proyecto_Final\\RDAT\\backend\\routes\\auth.routes.js": {"path":"C:\\Users\\aleja\\RTAD_Proyecto_Final\\RDAT\\backend\\routes\\auth.routes.js","statementMap":{"0":{"start":{"line":1,"column":16},"end":{"line":1,"column":34}},"1":{"start":{"line":2,"column":15},"end":{"line":2,"column":31}},"2":{"start":{"line":3,"column":26},"end":{"line":3,"column":70}},"3":{"start":{"line":5,"column":0},"end":{"line":5,"column":47}},"4":{"start":{"line":6,"column":0},"end":{"line":6,"column":48}},"5":{"start":{"line":7,"column":0},"end":{"line":7,"column":48}},"6":{"start":{"line":8,"column":0},"end":{"line":8,"column":57}},"7":{"start":{"line":10,"column":0},"end":{"line":10,"column":24}}},"fnMap":{},"branchMap":{},"s":{"0":1,"1":1,"2":1,"3":1,"4":1,"5":1,"6":1,"7":1},"f":{},"b":{},"_coverageSchema":"1a1c01bbd47fc00a2c39e90264f33305004495a9","hash":"eb3759c8ee4b8104570d251ed2b806705c3fa2f9"}
,"C:\\Users\\aleja\\RTAD_Proyecto_Final\\RDAT\\backend\\routes\\donaciones.routes.js": {"path":"C:\\Users\\aleja\\RTAD_Proyecto_Final\\RDAT\\backend\\routes\\donaciones.routes.js","statementMap":{"0":{"start":{"line":1,"column":16},"end":{"line":1,"column":34}},"1":{"start":{"line":2,"column":15},"end":{"line":2,"column":31}},"2":{"start":{"line":3,"column":36},"end":{"line":3,"column":65}},"3":{"start":{"line":6,"column":0},"end":{"line":24,"column":3}},"4":{"start":{"line":7,"column":2},"end":{"line":23,"column":3}},"5":{"start":{"line":8,"column":4},"end":{"line":14,"column":7}},"6":{"start":{"line":9,"column":6},"end":{"line":12,"column":7}},"7":{"start":{"line":10,"column":8},"end":{"line":10,"column":59}},"8":{"start":{"line":11,"column":8},"end":{"line":11,"column":80}},"9":{"start":{"line":13,"column":6},"end":{"line":13,"column":30}},"10":{"start":{"line":16,"column":4},"end":{"line":22,"column":7}},"11":{"start":{"line":17,"column":6},"end":{"line":20,"column":7}},"12":{"start":{"line":18,"column":8},"end":{"line":18,"column":59}},"13":{"start":{"line":19,"column":8},"end":{"line":19,"column":80}},"14":{"start":{"line":21,"column":6},"end":{"line":21,"column":24}},"15":{"start":{"line":27,"column":0},"end":{"line":57,"column":3}},"16":{"start":{"line":28,"column":109},"end":{"line":28,"column":117}},"17":{"start":{"line":30,"column":2},"end":{"line":56,"column":3}},"18":{"start":{"line":31,"column":18},"end":{"line":34,"column":5}},"19":{"start":{"line":36,"column":4},"end":{"line":42,"column":7}},"20":{"start":{"line":37,"column":6},"end":{"line":40,"column":7}},"21":{"start":{"line":38,"column":8},"end":{"line":38,"column":59}},"22":{"start":{"line":39,"column":8},"end":{"line":39,"column":80}},"23":{"start":{"line":41,"column":6},"end":{"line":41,"column":81}},"24":{"start":{"line":44,"column":18},"end":{"line":47,"column":5}},"25":{"start":{"line":49,"column":4},"end":{"line":55,"column":7}},"26":{"start":{"line":50,"column":6},"end":{"line":53,"column":7}},"27":{"start":{"line":51,"column":8},"end":{"line":51,"column":59}},"28":{"start":{"line":52,"column":8},"end":{"line":52,"column":80}},"29":{"start":{"line":54,"column":6},"end":{"line":54,"column":85}},"30":{"start":{"line":60,"column":0},"end":{"line":75,"column":3}},"31":{"start":{"line":61,"column":17},"end":{"line":61,"column":27}},"32":{"start":{"line":63,"column":2},"end":{"line":74,"column":5}},"33":{"start":{"line":64,"column":4},"end":{"line":67,"column":5}},"34":{"start":{"line":65,"column":6},"end":{"line":65,"column":56}},"35":{"start":{"line":66,"column":6},"end":{"line":66,"column":77}},"36":{"start":{"line":69,"column":4},"end":{"line":71,"column":5}},"37":{"start":{"line":70,"column":6},"end":{"line":70,"column":73}},"38":{"start":{"line":73,"column":4},"end":{"line":73,"column":61}},"39":{"start":{"line":77,"column":0},"end":{"line":77,"column":24}}},"fnMap":{"0":{"name":"(anonymous_0)","decl":{"start":{"line":6,"column":16},"end":{"line":6,"column":17}},"loc":{"start":{"line":6,"column":30},"end":{"line":24,"column":1}},"line":6},"1":{"name":"(anonymous_1)","decl":{"start":{"line":8,"column":76},"end":{"line":8,"column":77}},"loc":{"start":{"line":8,"column":94},"end":{"line":14,"column":5}},"line":8},"2":{"name":"(anonymous_2)","decl":{"start":{"line":16,"column":78},"end":{"line":16,"column":79}},"loc":{"start":{"line":16,"column":96},"end":{"line":22,"column":5}},"line":16},"3":{"name":"(anonymous_3)","decl":{"start":{"line":27,"column":17},"end":{"line":27,"column":18}},"loc":{"start":{"line":27,"column":31},"end":{"line":57,"column":1}},"line":27},"4":{"name":"(anonymous_4)","decl":{"start":{"line":36,"column":129},"end":{"line":36,"column":130}},"loc":{"start":{"line":36,"column":143},"end":{"line":42,"column":5}},"line":36},"5":{"name":"(anonymous_5)","decl":{"start":{"line":49,"column":131},"end":{"line":49,"column":132}},"loc":{"start":{"line":49,"column":148},"end":{"line":55,"column":5}},"line":49},"6":{"name":"(anonymous_6)","decl":{"start":{"line":60,"column":22},"end":{"line":60,"column":23}},"loc":{"start":{"line":60,"column":36},"end":{"line":75,"column":1}},"line":60},"7":{"name":"(anonymous_7)","decl":{"start":{"line":63,"column":73},"end":{"line":63,"column":74}},"loc":{"start":{"line":63,"column":90},"end":{"line":74,"column":3}},"line":63}},"branchMap":{"0":{"loc":{"start":{"line":7,"column":2},"end":{"line":23,"column":3}},"type":"if","locations":[{"start":{"line":7,"column":2},"end":{"line":23,"column":3}},{"start":{"line":15,"column":9},"end":{"line":23,"column":3}}],"line":7},"1":{"loc":{"start":{"line":9,"column":6},"end":{"line":12,"column":7}},"type":"if","locations":[{"start":{"line":9,"column":6},"end":{"line":12,"column":7}},{"start":{},"end":{}}],"line":9},"2":{"loc":{"start":{"line":13,"column":15},"end":{"line":13,"column":28}},"type":"binary-expr","locations":[{"start":{"line":13,"column":15},"end":{"line":13,"column":22}},{"start":{"line":13,"column":26},"end":{"line":13,"column":28}}],"line":13},"3":{"loc":{"start":{"line":17,"column":6},"end":{"line":20,"column":7}},"type":"if","locations":[{"start":{"line":17,"column":6},"end":{"line":20,"column":7}},{"start":{},"end":{}}],"line":17},"4":{"loc":{"start":{"line":30,"column":2},"end":{"line":56,"column":3}},"type":"if","locations":[{"start":{"line":30,"column":2},"end":{"line":56,"column":3}},{"start":{"line":43,"column":9},"end":{"line":56,"column":3}}],"line":30},"5":{"loc":{"start":{"line":36,"column":91},"end":{"line":36,"column":101}},"type":"binary-expr","locations":[{"start":{"line":36,"column":91},"end":{"line":36,"column":96}},{"start":{"line":36,"column":100},"end":{"line":36,"column":101}}],"line":36},"6":{"loc":{"start":{"line":37,"column":6},"end":{"line":40,"column":7}},"type":"if","locations":[{"start":{"line":37,"column":6},"end":{"line":40,"column":7}},{"start":{},"end":{}}],"line":37},"7":{"loc":{"start":{"line":49,"column":93},"end":{"line":49,"column":103}},"type":"binary-expr","locations":[{"start":{"line":49,"column":93},"end":{"line":49,"column":98}},{"start":{"line":49,"column":102},"end":{"line":49,"column":103}}],"line":49},"8":{"loc":{"start":{"line":50,"column":6},"end":{"line":53,"column":7}},"type":"if","locations":[{"start":{"line":50,"column":6},"end":{"line":53,"column":7}},{"start":{},"end":{}}],"line":50},"9":{"loc":{"start":{"line":64,"column":4},"end":{"line":67,"column":5}},"type":"if","locations":[{"start":{"line":64,"column":4},"end":{"line":67,"column":5}},{"start":{},"end":{}}],"line":64},"10":{"loc":{"start":{"line":69,"column":4},"end":{"line":71,"column":5}},"type":"if","locations":[{"start":{"line":69,"column":4},"end":{"line":71,"column":5}},{"start":{},"end":{}}],"line":69}},"s":{"0":1,"1":1,"2":1,"3":1,"4":1,"5":0,"6":0,"7":0,"8":0,"9":0,"10":1,"11":1,"12":0,"13":0,"14":1,"15":1,"16":1,"17":1,"18":0,"19":0,"20":0,"21":0,"22":0,"23":0,"24":1,"25":1,"26":1,"27":0,"28":0,"29":1,"30":1,"31":1,"32":1,"33":1,"34":0,"35":0,"36":1,"37":0,"38":1,"39":1},"f":{"0":1,"1":0,"2":1,"3":1,"4":0,"5":1,"6":1,"7":1},"b":{"0":[0,1],"1":[0,0],"2":[0,0],"3":[0,1],"4":[0,1],"5":[0,0],"6":[0,0],"7":[1,0],"8":[0,1],"9":[0,1],"10":[0,1]},"_coverageSchema":"1a1c01bbd47fc00a2c39e90264f33305004495a9","hash":"5becbb669efdf2ae69804aaa4e2dd3a96a4f6a47"}
,"C:\\Users\\aleja\\RTAD_Proyecto_Final\\RDAT\\backend\\routes\\inventario.routes.js": {"path":"C:\\Users\\aleja\\RTAD_Proyecto_Final\\RDAT\\backend\\routes\\inventario.routes.js","statementMap":{"0":{"start":{"line":1,"column":16},"end":{"line":1,"column":34}},"1":{"start":{"line":2,"column":15},"end":{"line":2,"column":31}},"2":{"start":{"line":3,"column":36},"end":{"line":3,"column":65}},"3":{"start":{"line":6,"column":0},"end":{"line":24,"column":3}},"4":{"start":{"line":7,"column":2},"end":{"line":23,"column":3}},"5":{"start":{"line":8,"column":4},"end":{"line":14,"column":7}},"6":{"start":{"line":9,"column":6},"end":{"line":12,"column":7}},"7":{"start":{"line":10,"column":8},"end":{"line":10,"column":59}},"8":{"start":{"line":11,"column":8},"end":{"line":11,"column":80}},"9":{"start":{"line":13,"column":6},"end":{"line":13,"column":30}},"10":{"start":{"line":16,"column":4},"end":{"line":22,"column":7}},"11":{"start":{"line":17,"column":6},"end":{"line":20,"column":7}},"12":{"start":{"line":18,"column":8},"end":{"line":18,"column":59}},"13":{"start":{"line":19,"column":8},"end":{"line":19,"column":80}},"14":{"start":{"line":21,"column":6},"end":{"line":21,"column":24}},"15":{"start":{"line":27,"column":0},"end":{"line":57,"column":3}},"16":{"start":{"line":28,"column":126},"end":{"line":28,"column":134}},"17":{"start":{"line":30,"column":2},"end":{"line":56,"column":3}},"18":{"start":{"line":31,"column":18},"end":{"line":34,"column":5}},"19":{"start":{"line":36,"column":4},"end":{"line":42,"column":7}},"20":{"start":{"line":37,"column":6},"end":{"line":40,"column":7}},"21":{"start":{"line":38,"column":8},"end":{"line":38,"column":53}},"22":{"start":{"line":39,"column":8},"end":{"line":39,"column":88}},"23":{"start":{"line":41,"column":6},"end":{"line":41,"column":89}},"24":{"start":{"line":44,"column":18},"end":{"line":47,"column":5}},"25":{"start":{"line":49,"column":4},"end":{"line":55,"column":7}},"26":{"start":{"line":50,"column":6},"end":{"line":53,"column":7}},"27":{"start":{"line":51,"column":8},"end":{"line":51,"column":53}},"28":{"start":{"line":52,"column":8},"end":{"line":52,"column":88}},"29":{"start":{"line":54,"column":6},"end":{"line":54,"column":93}},"30":{"start":{"line":60,"column":0},"end":{"line":76,"column":3}},"31":{"start":{"line":61,"column":17},"end":{"line":61,"column":27}},"32":{"start":{"line":62,"column":23},"end":{"line":62,"column":31}},"33":{"start":{"line":64,"column":2},"end":{"line":75,"column":5}},"34":{"start":{"line":65,"column":4},"end":{"line":68,"column":5}},"35":{"start":{"line":66,"column":6},"end":{"line":66,"column":54}},"36":{"start":{"line":67,"column":6},"end":{"line":67,"column":75}},"37":{"start":{"line":70,"column":4},"end":{"line":72,"column":5}},"38":{"start":{"line":71,"column":6},"end":{"line":71,"column":69}},"39":{"start":{"line":74,"column":4},"end":{"line":74,"column":59}},"40":{"start":{"line":79,"column":0},"end":{"line":110,"column":3}},"41":{"start":{"line":80,"column":17},"end":{"line":80,"column":27}},"42":{"start":{"line":81,"column":23},"end":{"line":81,"column":31}},"43":{"start":{"line":84,"column":2},"end":{"line":109,"column":5}},"44":{"start":{"line":85,"column":4},"end":{"line":88,"column":5}},"45":{"start":{"line":86,"column":6},"end":{"line":86,"column":54}},"46":{"start":{"line":87,"column":6},"end":{"line":87,"column":75}},"47":{"start":{"line":90,"column":4},"end":{"line":92,"column":5}},"48":{"start":{"line":91,"column":6},"end":{"line":91,"column":69}},"49":{"start":{"line":94,"column":24},"end":{"line":94,"column":54}},"50":{"start":{"line":96,"column":4},"end":{"line":98,"column":5}},"51":{"start":{"line":97,"column":6},"end":{"line":97,"column":97}},"52":{"start":{"line":101,"column":4},"end":{"line":108,"column":7}},"53":{"start":{"line":102,"column":6},"end":{"line":105,"column":7}},"54":{"start":{"line":103,"column":8},"end":{"line":103,"column":54}},"55":{"start":{"line":104,"column":8},"end":{"line":104,"column":75}},"56":{"start":{"line":107,"column":6},"end":{"line":107,"column":59}},"57":{"start":{"line":113,"column":0},"end":{"line":129,"column":3}},"58":{"start":{"line":114,"column":17},"end":{"line":114,"column":27}},"59":{"start":{"line":115,"column":25},"end":{"line":115,"column":33}},"60":{"start":{"line":117,"column":2},"end":{"line":128,"column":5}},"61":{"start":{"line":118,"column":4},"end":{"line":121,"column":5}},"62":{"start":{"line":119,"column":6},"end":{"line":119,"column":54}},"63":{"start":{"line":120,"column":6},"end":{"line":120,"column":75}},"64":{"start":{"line":123,"column":4},"end":{"line":125,"column":5}},"65":{"start":{"line":124,"column":6},"end":{"line":124,"column":69}},"66":{"start":{"line":127,"column":4},"end":{"line":127,"column":59}},"67":{"start":{"line":132,"column":0},"end":{"line":147,"column":3}},"68":{"start":{"line":133,"column":17},"end":{"line":133,"column":27}},"69":{"start":{"line":135,"column":2},"end":{"line":146,"column":5}},"70":{"start":{"line":136,"column":4},"end":{"line":139,"column":5}},"71":{"start":{"line":137,"column":6},"end":{"line":137,"column":52}},"72":{"start":{"line":138,"column":6},"end":{"line":138,"column":73}},"73":{"start":{"line":141,"column":4},"end":{"line":143,"column":5}},"74":{"start":{"line":142,"column":6},"end":{"line":142,"column":69}},"75":{"start":{"line":145,"column":4},"end":{"line":145,"column":57}},"76":{"start":{"line":149,"column":0},"end":{"line":149,"column":24}}},"fnMap":{"0":{"name":"(anonymous_0)","decl":{"start":{"line":6,"column":16},"end":{"line":6,"column":17}},"loc":{"start":{"line":6,"column":30},"end":{"line":24,"column":1}},"line":6},"1":{"name":"(anonymous_1)","decl":{"start":{"line":8,"column":75},"end":{"line":8,"column":76}},"loc":{"start":{"line":8,"column":93},"end":{"line":14,"column":5}},"line":8},"2":{"name":"(anonymous_2)","decl":{"start":{"line":16,"column":77},"end":{"line":16,"column":78}},"loc":{"start":{"line":16,"column":95},"end":{"line":22,"column":5}},"line":16},"3":{"name":"(anonymous_3)","decl":{"start":{"line":27,"column":17},"end":{"line":27,"column":18}},"loc":{"start":{"line":27,"column":31},"end":{"line":57,"column":1}},"line":27},"4":{"name":"(anonymous_4)","decl":{"start":{"line":36,"column":156},"end":{"line":36,"column":157}},"loc":{"start":{"line":36,"column":170},"end":{"line":42,"column":5}},"line":36},"5":{"name":"(anonymous_5)","decl":{"start":{"line":49,"column":158},"end":{"line":49,"column":159}},"loc":{"start":{"line":49,"column":175},"end":{"line":55,"column":5}},"line":49},"6":{"name":"(anonymous_6)","decl":{"start":{"line":60,"column":29},"end":{"line":60,"column":30}},"loc":{"start":{"line":60,"column":43},"end":{"line":76,"column":1}},"line":60},"7":{"name":"(anonymous_7)","decl":{"start":{"line":64,"column":124},"end":{"line":64,"column":125}},"loc":{"start":{"line":64,"column":141},"end":{"line":75,"column":3}},"line":64},"8":{"name":"(anonymous_8)","decl":{"start":{"line":79,"column":24},"end":{"line":79,"column":25}},"loc":{"start":{"line":79,"column":38},"end":{"line":110,"column":1}},"line":79},"9":{"name":"(anonymous_9)","decl":{"start":{"line":84,"column":89},"end":{"line":84,"column":90}},"loc":{"start":{"line":84,"column":107},"end":{"line":109,"column":3}},"line":84},"10":{"name":"(anonymous_10)","decl":{"start":{"line":101,"column":126},"end":{"line":101,"column":127}},"loc":{"start":{"line":101,"column":143},"end":{"line":108,"column":5}},"line":101},"11":{"name":"(anonymous_11)","decl":{"start":{"line":113,"column":19},"end":{"line":113,"column":20}},"loc":{"start":{"line":113,"column":33},"end":{"line":129,"column":1}},"line":113},"12":{"name":"(anonymous_12)","decl":{"start":{"line":117,"column":95},"end":{"line":117,"column":96}},"loc":{"start":{"line":117,"column":112},"end":{"line":128,"column":3}},"line":117},"13":{"name":"(anonymous_13)","decl":{"start":{"line":132,"column":22},"end":{"line":132,"column":23}},"loc":{"start":{"line":132,"column":36},"end":{"line":147,"column":1}},"line":132},"14":{"name":"(anonymous_14)","decl":{"start":{"line":135,"column":69},"end":{"line":135,"column":70}},"loc":{"start":{"line":135,"column":86},"end":{"line":146,"column":3}},"line":135}},"branchMap":{"0":{"loc":{"start":{"line":7,"column":2},"end":{"line":23,"column":3}},"type":"if","locations":[{"start":{"line":7,"column":2},"end":{"line":23,"column":3}},{"start":{"line":15,"column":9},"end":{"line":23,"column":3}}],"line":7},"1":{"loc":{"start":{"line":9,"column":6},"end":{"line":12,"column":7}},"type":"if","locations":[{"start":{"line":9,"column":6},"end":{"line":12,"column":7}},{"start":{},"end":{}}],"line":9},"2":{"loc":{"start":{"line":13,"column":15},"end":{"line":13,"column":28}},"type":"binary-expr","locations":[{"start":{"line":13,"column":15},"end":{"line":13,"column":22}},{"start":{"line":13,"column":26},"end":{"line":13,"column":28}}],"line":13},"3":{"loc":{"start":{"line":17,"column":6},"end":{"line":20,"column":7}},"type":"if","locations":[{"start":{"line":17,"column":6},"end":{"line":20,"column":7}},{"start":{},"end":{}}],"line":17},"4":{"loc":{"start":{"line":30,"column":2},"end":{"line":56,"column":3}},"type":"if","locations":[{"start":{"line":30,"column":2},"end":{"line":56,"column":3}},{"start":{"line":43,"column":9},"end":{"line":56,"column":3}}],"line":30},"5":{"loc":{"start":{"line":36,"column":52},"end":{"line":36,"column":76}},"type":"binary-expr","locations":[{"start":{"line":36,"column":52},"end":{"line":36,"column":71}},{"start":{"line":36,"column":75},"end":{"line":36,"column":76}}],"line":36},"6":{"loc":{"start":{"line":36,"column":78},"end":{"line":36,"column":102}},"type":"binary-expr","locations":[{"start":{"line":36,"column":78},"end":{"line":36,"column":97}},{"start":{"line":36,"column":101},"end":{"line":36,"column":102}}],"line":36},"7":{"loc":{"start":{"line":36,"column":138},"end":{"line":36,"column":153}},"type":"binary-expr","locations":[{"start":{"line":36,"column":138},"end":{"line":36,"column":148}},{"start":{"line":36,"column":152},"end":{"line":36,"column":153}}],"line":36},"8":{"loc":{"start":{"line":37,"column":6},"end":{"line":40,"column":7}},"type":"if","locations":[{"start":{"line":37,"column":6},"end":{"line":40,"column":7}},{"start":{},"end":{}}],"line":37},"9":{"loc":{"start":{"line":49,"column":54},"end":{"line":49,"column":78}},"type":"binary-expr","locations":[{"start":{"line":49,"column":54},"end":{"line":49,"column":73}},{"start":{"line":49,"column":77},"end":{"line":49,"column":78}}],"line":49},"10":{"loc":{"start":{"line":49,"column":80},"end":{"line":49,"column":104}},"type":"binary-expr","locations":[{"start":{"line":49,"column":80},"end":{"line":49,"column":99}},{"start":{"line":49,"column":103},"end":{"line":49,"column":104}}],"line":49},"11":{"loc":{"start":{"line":49,"column":140},"end":{"line":49,"column":155}},"type":"binary-expr","locations":[{"start":{"line":49,"column":140},"end":{"line":49,"column":150}},{"start":{"line":49,"column":154},"end":{"line":49,"column":155}}],"line":49},"12":{"loc":{"start":{"line":50,"column":6},"end":{"line":53,"column":7}},"type":"if","locations":[{"start":{"line":50,"column":6},"end":{"line":53,"column":7}},{"start":{},"end":{}}],"line":50},"13":{"loc":{"start":{"line":65,"column":4},"end":{"line":68,"column":5}},"type":"if","locations":[{"start":{"line":65,"column":4},"end":{"line":68,"column":5}},{"start":{},"end":{}}],"line":65},"14":{"loc":{"start":{"line":70,"column":4},"end":{"line":72,"column":5}},"type":"if","locations":[{"start":{"line":70,"column":4},"end":{"line":72,"column":5}},{"start":{},"end":{}}],"line":70},"15":{"loc":{"start":{"line":85,"column":4},"end":{"line":88,"column":5}},"type":"if","locations":[{"start":{"line":85,"column":4},"end":{"line":88,"column":5}},{"start":{},"end":{}}],"line":85},"16":{"loc":{"start":{"line":90,"column":4},"end":{"line":92,"column":5}},"type":"if","locations":[{"start":{"line":90,"column":4},"end":{"line":92,"column":5}},{"start":{},"end":{}}],"line":90},"17":{"loc":{"start":{"line":96,"column":4},"end":{"line":98,"column":5}},"type":"if","locations":[{"start":{"line":96,"column":4},"end":{"line":98,"column":5}},{"start":{},"end":{}}],"line":96},"18":{"loc":{"start":{"line":102,"column":6},"end":{"line":105,"column":7}},"type":"if","locations":[{"start":{"line":102,"column":6},"end":{"line":105,"column":7}},{"start":{},"end":{}}],"line":102},"19":{"loc":{"start":{"line":118,"column":4},"end":{"line":121,"column":5}},"type":"if","locations":[{"start":{"line":118,"column":4},"end":{"line":121,"column":5}},{"start":{},"end":{}}],"line":118},"20":{"loc":{"start":{"line":123,"column":4},"end":{"line":125,"column":5}},"type":"if","locations":[{"start":{"line":123,"column":4},"end":{"line":125,"column":5}},{"start":{},"end":{}}],"line":123},"21":{"loc":{"start":{"line":136,"column":4},"end":{"line":139,"column":5}},"type":"if","locations":[{"start":{"line":136,"column":4},"end":{"line":139,"column":5}},{"start":{},"end":{}}],"line":136},"22":{"loc":{"start":{"line":141,"column":4},"end":{"line":143,"column":5}},"type":"if","locations":[{"start":{"line":141,"column":4},"end":{"line":143,"column":5}},{"start":{},"end":{}}],"line":141}},"s":{"0":1,"1":1,"2":1,"3":1,"4":1,"5":0,"6":0,"7":0,"8":0,"9":0,"10":1,"11":1,"12":0,"13":0,"14":1,"15":1,"16":1,"17":1,"18":0,"19":0,"20":0,"21":0,"22":0,"23":0,"24":1,"25":1,"26":1,"27":0,"28":0,"29":1,"30":1,"31":0,"32":0,"33":0,"34":0,"35":0,"36":0,"37":0,"38":0,"39":0,"40":1,"41":0,"42":0,"43":0,"44":0,"45":0,"46":0,"47":0,"48":0,"49":0,"50":0,"51":0,"52":0,"53":0,"54":0,"55":0,"56":0,"57":1,"58":0,"59":0,"60":0,"61":0,"62":0,"63":0,"64":0,"65":0,"66":0,"67":1,"68":0,"69":0,"70":0,"71":0,"72":0,"73":0,"74":0,"75":0,"76":1},"f":{"0":1,"1":0,"2":1,"3":1,"4":0,"5":1,"6":0,"7":0,"8":0,"9":0,"10":0,"11":0,"12":0,"13":0,"14":0},"b":{"0":[0,1],"1":[0,0],"2":[0,0],"3":[0,1],"4":[0,1],"5":[0,0],"6":[0,0],"7":[0,0],"8":[0,0],"9":[1,0],"10":[1,1],"11":[1,0],"12":[0,1],"13":[0,0],"14":[0,0],"15":[0,0],"16":[0,0],"17":[0,0],"18":[0,0],"19":[0,0],"20":[0,0],"21":[0,0],"22":[0,0]},"_coverageSchema":"1a1c01bbd47fc00a2c39e90264f33305004495a9","hash":"4edcc6a05f0e11aed2b5c17da996fc24dd8446f2"}
,"C:\\Users\\aleja\\RTAD_Proyecto_Final\\RDAT\\backend\\routes\\voluntarios.routes.js": {"path":"C:\\Users\\aleja\\RTAD_Proyecto_Final\\RDAT\\backend\\routes\\voluntarios.routes.js","statementMap":{"0":{"start":{"line":1,"column":16},"end":{"line":1,"column":34}},"1":{"start":{"line":2,"column":15},"end":{"line":2,"column":31}},"2":{"start":{"line":3,"column":36},"end":{"line":3,"column":65}},"3":{"start":{"line":6,"column":0},"end":{"line":24,"column":3}},"4":{"start":{"line":7,"column":2},"end":{"line":23,"column":3}},"5":{"start":{"line":8,"column":4},"end":{"line":14,"column":7}},"6":{"start":{"line":9,"column":6},"end":{"line":12,"column":7}},"7":{"start":{"line":10,"column":8},"end":{"line":10,"column":60}},"8":{"start":{"line":11,"column":8},"end":{"line":11,"column":81}},"9":{"start":{"line":13,"column":6},"end":{"line":13,"column":30}},"10":{"start":{"line":16,"column":4},"end":{"line":22,"column":7}},"11":{"start":{"line":17,"column":6},"end":{"line":20,"column":7}},"12":{"start":{"line":18,"column":8},"end":{"line":18,"column":60}},"13":{"start":{"line":19,"column":8},"end":{"line":19,"column":81}},"14":{"start":{"line":21,"column":6},"end":{"line":21,"column":24}},"15":{"start":{"line":27,"column":0},"end":{"line":57,"column":3}},"16":{"start":{"line":28,"column":96},"end":{"line":28,"column":104}},"17":{"start":{"line":30,"column":2},"end":{"line":56,"column":3}},"18":{"start":{"line":31,"column":18},"end":{"line":34,"column":5}},"19":{"start":{"line":36,"column":4},"end":{"line":42,"column":7}},"20":{"start":{"line":37,"column":6},"end":{"line":40,"column":7}},"21":{"start":{"line":38,"column":8},"end":{"line":38,"column":59}},"22":{"start":{"line":39,"column":8},"end":{"line":39,"column":80}},"23":{"start":{"line":41,"column":6},"end":{"line":41,"column":83}},"24":{"start":{"line":44,"column":18},"end":{"line":47,"column":5}},"25":{"start":{"line":49,"column":4},"end":{"line":55,"column":7}},"26":{"start":{"line":50,"column":6},"end":{"line":53,"column":7}},"27":{"start":{"line":51,"column":8},"end":{"line":51,"column":59}},"28":{"start":{"line":52,"column":8},"end":{"line":52,"column":80}},"29":{"start":{"line":54,"column":6},"end":{"line":54,"column":87}},"30":{"start":{"line":60,"column":0},"end":{"line":76,"column":3}},"31":{"start":{"line":61,"column":17},"end":{"line":61,"column":27}},"32":{"start":{"line":62,"column":21},"end":{"line":62,"column":29}},"33":{"start":{"line":64,"column":2},"end":{"line":75,"column":5}},"34":{"start":{"line":65,"column":4},"end":{"line":68,"column":5}},"35":{"start":{"line":66,"column":6},"end":{"line":66,"column":60}},"36":{"start":{"line":67,"column":6},"end":{"line":67,"column":81}},"37":{"start":{"line":70,"column":4},"end":{"line":72,"column":5}},"38":{"start":{"line":71,"column":6},"end":{"line":71,"column":75}},"39":{"start":{"line":74,"column":4},"end":{"line":74,"column":65}},"40":{"start":{"line":79,"column":0},"end":{"line":94,"column":3}},"41":{"start":{"line":80,"column":17},"end":{"line":80,"column":27}},"42":{"start":{"line":82,"column":2},"end":{"line":93,"column":5}},"43":{"start":{"line":83,"column":4},"end":{"line":86,"column":5}},"44":{"start":{"line":84,"column":6},"end":{"line":84,"column":58}},"45":{"start":{"line":85,"column":6},"end":{"line":85,"column":79}},"46":{"start":{"line":88,"column":4},"end":{"line":90,"column":5}},"47":{"start":{"line":89,"column":6},"end":{"line":89,"column":75}},"48":{"start":{"line":92,"column":4},"end":{"line":92,"column":63}},"49":{"start":{"line":96,"column":0},"end":{"line":96,"column":24}}},"fnMap":{"0":{"name":"(anonymous_0)","decl":{"start":{"line":6,"column":16},"end":{"line":6,"column":17}},"loc":{"start":{"line":6,"column":30},"end":{"line":24,"column":1}},"line":6},"1":{"name":"(anonymous_1)","decl":{"start":{"line":8,"column":77},"end":{"line":8,"column":78}},"loc":{"start":{"line":8,"column":95},"end":{"line":14,"column":5}},"line":8},"2":{"name":"(anonymous_2)","decl":{"start":{"line":16,"column":79},"end":{"line":16,"column":80}},"loc":{"start":{"line":16,"column":97},"end":{"line":22,"column":5}},"line":16},"3":{"name":"(anonymous_3)","decl":{"start":{"line":27,"column":17},"end":{"line":27,"column":18}},"loc":{"start":{"line":27,"column":31},"end":{"line":57,"column":1}},"line":27},"4":{"name":"(anonymous_4)","decl":{"start":{"line":36,"column":116},"end":{"line":36,"column":117}},"loc":{"start":{"line":36,"column":130},"end":{"line":42,"column":5}},"line":36},"5":{"name":"(anonymous_5)","decl":{"start":{"line":49,"column":118},"end":{"line":49,"column":119}},"loc":{"start":{"line":49,"column":135},"end":{"line":55,"column":5}},"line":49},"6":{"name":"(anonymous_6)","decl":{"start":{"line":60,"column":19},"end":{"line":60,"column":20}},"loc":{"start":{"line":60,"column":33},"end":{"line":76,"column":1}},"line":60},"7":{"name":"(anonymous_7)","decl":{"start":{"line":64,"column":94},"end":{"line":64,"column":95}},"loc":{"start":{"line":64,"column":111},"end":{"line":75,"column":3}},"line":64},"8":{"name":"(anonymous_8)","decl":{"start":{"line":79,"column":22},"end":{"line":79,"column":23}},"loc":{"start":{"line":79,"column":36},"end":{"line":94,"column":1}},"line":79},"9":{"name":"(anonymous_9)","decl":{"start":{"line":82,"column":76},"end":{"line":82,"column":77}},"loc":{"start":{"line":82,"column":93},"end":{"line":93,"column":3}},"line":82}},"branchMap":{"0":{"loc":{"start":{"line":7,"column":2},"end":{"line":23,"column":3}},"type":"if","locations":[{"start":{"line":7,"column":2},"end":{"line":23,"column":3}},{"start":{"line":15,"column":9},"end":{"line":23,"column":3}}],"line":7},"1":{"loc":{"start":{"line":9,"column":6},"end":{"line":12,"column":7}},"type":"if","locations":[{"start":{"line":9,"column":6},"end":{"line":12,"column":7}},{"start":{},"end":{}}],"line":9},"2":{"loc":{"start":{"line":13,"column":15},"end":{"line":13,"column":28}},"type":"binary-expr","locations":[{"start":{"line":13,"column":15},"end":{"line":13,"column":22}},{"start":{"line":13,"column":26},"end":{"line":13,"column":28}}],"line":13},"3":{"loc":{"start":{"line":17,"column":6},"end":{"line":20,"column":7}},"type":"if","locations":[{"start":{"line":17,"column":6},"end":{"line":20,"column":7}},{"start":{},"end":{}}],"line":17},"4":{"loc":{"start":{"line":30,"column":2},"end":{"line":56,"column":3}},"type":"if","locations":[{"start":{"line":30,"column":2},"end":{"line":56,"column":3}},{"start":{"line":43,"column":9},"end":{"line":56,"column":3}}],"line":30},"5":{"loc":{"start":{"line":36,"column":102},"end":{"line":36,"column":113}},"type":"binary-expr","locations":[{"start":{"line":36,"column":102},"end":{"line":36,"column":108}},{"start":{"line":36,"column":112},"end":{"line":36,"column":113}}],"line":36},"6":{"loc":{"start":{"line":37,"column":6},"end":{"line":40,"column":7}},"type":"if","locations":[{"start":{"line":37,"column":6},"end":{"line":40,"column":7}},{"start":{},"end":{}}],"line":37},"7":{"loc":{"start":{"line":49,"column":104},"end":{"line":49,"column":115}},"type":"binary-expr","locations":[{"start":{"line":49,"column":104},"end":{"line":49,"column":110}},{"start":{"line":49,"column":114},"end":{"line":49,"column":115}}],"line":49},"8":{"loc":{"start":{"line":50,"column":6},"end":{"line":53,"column":7}},"type":"if","locations":[{"start":{"line":50,"column":6},"end":{"line":53,"column":7}},{"start":{},"end":{}}],"line":50},"9":{"loc":{"start":{"line":65,"column":4},"end":{"line":68,"column":5}},"type":"if","locations":[{"start":{"line":65,"column":4},"end":{"line":68,"column":5}},{"start":{},"end":{}}],"line":65},"10":{"loc":{"start":{"line":70,"column":4},"end":{"line":72,"column":5}},"type":"if","locations":[{"start":{"line":70,"column":4},"end":{"line":72,"column":5}},{"start":{},"end":{}}],"line":70},"11":{"loc":{"start":{"line":83,"column":4},"end":{"line":86,"column":5}},"type":"if","locations":[{"start":{"line":83,"column":4},"end":{"line":86,"column":5}},{"start":{},"end":{}}],"line":83},"12":{"loc":{"start":{"line":88,"column":4},"end":{"line":90,"column":5}},"type":"if","locations":[{"start":{"line":88,"column":4},"end":{"line":90,"column":5}},{"start":{},"end":{}}],"line":88}},"s":{"0":1,"1":1,"2":1,"3":1,"4":1,"5":0,"6":0,"7":0,"8":0,"9":0,"10":1,"11":1,"12":0,"13":0,"14":1,"15":1,"16":1,"17":1,"18":0,"19":0,"20":0,"21":0,"22":0,"23":0,"24":1,"25":1,"26":1,"27":0,"28":0,"29":1,"30":1,"31":1,"32":1,"33":1,"34":1,"35":0,"36":0,"37":1,"38":0,"39":1,"40":1,"41":1,"42":1,"43":1,"44":0,"45":0,"46":1,"47":0,"48":1,"49":1},"f":{"0":1,"1":0,"2":1,"3":1,"4":0,"5":1,"6":1,"7":1,"8":1,"9":1},"b":{"0":[0,1],"1":[0,0],"2":[0,0],"3":[0,1],"4":[0,1],"5":[0,0],"6":[0,0],"7":[1,1],"8":[0,1],"9":[0,1],"10":[0,1],"11":[0,1],"12":[0,1]},"_coverageSchema":"1a1c01bbd47fc00a2c39e90264f33305004495a9","hash":"cc0ccbc52ba7163b8fab7e5049a361d3c7c997e7"}
}
