TN:
SF:controllers\auth.controller.js
FN:4,(anonymous_0)
FN:13,(anonymous_1)
FNF:2
FNH:0
FNDA:0,(anonymous_0)
FNDA:0,(anonymous_1)
DA:1,0
DA:2,0
DA:4,0
DA:5,0
DA:7,0
DA:9,0
DA:10,0
DA:13,0
DA:15,0
DA:16,0
DA:22,0
DA:24,0
LF:12
LH:0
BRDA:13,0,0,0
BRDA:13,0,1,0
BRDA:15,1,0,0
BRDA:15,1,1,0
BRF:4
BRH:0
end_of_record
TN:
SF:models\user.model.js
FNF:0
FNH:0
DA:1,0
DA:3,0
DA:8,0
LF:3
LH:0
BRF:0
BRH:0
end_of_record
TN:
SF:models\users.js
FN:6,getUsers
FN:12,(anonymous_1)
FN:15,(anonymous_2)
FN:27,saveUsers
FN:33,(anonymous_4)
FN:38,(anonymous_5)
FN:41,(anonymous_6)
FN:56,(anonymous_7)
FN:59,(anonymous_8)
FNF:9
FNH:9
FNDA:11,getUsers
FNDA:4,(anonymous_1)
FNDA:6,(anonymous_2)
FNDA:4,saveUsers
FNDA:2,(anonymous_4)
FNDA:3,(anonymous_5)
FNDA:5,(anonymous_6)
FNDA:2,(anonymous_7)
FNDA:4,(anonymous_8)
DA:1,2
DA:2,2
DA:3,2
DA:7,11
DA:8,11
DA:12,2
DA:13,4
DA:14,4
DA:15,6
DA:16,4
DA:17,2
DA:22,2
DA:28,4
DA:33,2
DA:34,2
DA:38,2
DA:39,3
DA:40,3
DA:41,5
DA:42,1
DA:44,2
DA:50,2
DA:51,2
DA:52,2
DA:56,2
DA:57,2
DA:58,2
DA:59,4
DA:60,2
DA:61,2
LF:30
LH:30
BRDA:7,0,0,0
BRDA:7,0,1,11
BRDA:15,1,0,6
BRDA:15,1,1,4
BRDA:16,2,0,2
BRDA:16,2,1,2
BRDA:41,3,0,1
BRDA:41,3,1,2
BRDA:45,4,0,2
BRDA:45,4,1,0
BRF:10
BRH:8
end_of_record
TN:
SF:routes\auth.routes.js
FNF:0
FNH:0
DA:1,1
DA:2,1
DA:3,1
DA:5,1
DA:6,1
DA:7,1
DA:8,1
DA:10,1
LF:8
LH:8
BRF:0
BRH:0
end_of_record
