TN:
SF:controllers\auth.controller.js
FN:4,(anonymous_0)
FN:13,(anonymous_1)
FNF:2
FNH:2
FNDA:3,(anonymous_0)
FNDA:2,(anonymous_1)
DA:1,1
DA:2,1
DA:4,1
DA:5,3
DA:7,3
DA:9,3
DA:10,3
DA:13,2
DA:15,2
DA:16,1
DA:22,1
DA:24,1
LF:12
LH:12
BRDA:13,0,0,2
BRDA:13,0,1,2
BRDA:15,1,0,1
BRDA:15,1,1,1
BRF:4
BRH:4
end_of_record
TN:
SF:controllers\usuario.controller.js
FN:4,(anonymous_0)
FN:29,(anonymous_1)
FN:32,(anonymous_2)
FN:45,(anonymous_3)
FN:70,(anonymous_4)
FN:75,(anonymous_5)
FN:91,(anonymous_6)
FN:110,(anonymous_7)
FNF:8
FNH:5
FNDA:2,(anonymous_0)
FNDA:1,(anonymous_1)
FNDA:1,(anonymous_2)
FNDA:1,(anonymous_3)
FNDA:0,(anonymous_4)
FNDA:0,(anonymous_5)
FNDA:1,(anonymous_6)
FNDA:0,(anonymous_7)
DA:1,1
DA:4,1
DA:5,2
DA:7,2
DA:8,2
DA:10,2
DA:11,1
DA:21,1
DA:23,0
DA:24,0
DA:29,1
DA:30,1
DA:31,1
DA:32,1
DA:37,1
DA:39,0
DA:40,0
DA:45,1
DA:46,1
DA:48,1
DA:49,1
DA:52,1
DA:53,1
DA:60,0
DA:61,0
DA:62,0
DA:64,0
DA:65,0
DA:66,0
DA:67,0
DA:70,0
DA:71,0
DA:74,0
DA:75,0
DA:81,0
DA:82,0
DA:83,0
DA:85,0
DA:91,1
DA:92,1
DA:94,1
DA:95,1
DA:96,1
DA:97,1
DA:99,0
DA:103,0
DA:104,0
DA:105,0
DA:107,0
DA:108,0
DA:109,0
DA:110,0
DA:111,0
DA:112,0
DA:114,0
DA:117,0
LF:56
LH:25
BRDA:10,0,0,1
BRDA:10,0,1,1
BRDA:49,1,0,0
BRDA:49,1,1,1
BRDA:50,2,0,1
BRDA:50,2,1,0
BRDA:66,3,0,0
BRDA:66,3,1,0
BRDA:70,4,0,0
BRDA:70,4,1,0
BRDA:75,5,0,0
BRDA:75,5,1,0
BRDA:96,6,0,1
BRDA:96,6,1,0
BRDA:108,7,0,0
BRDA:108,7,1,0
BRF:16
BRH:5
end_of_record
TN:
SF:models\users.js
FN:6,getUsers
FN:12,(anonymous_1)
FN:15,(anonymous_2)
FN:27,saveUsers
FN:33,(anonymous_4)
FN:38,(anonymous_5)
FN:41,(anonymous_6)
FN:56,(anonymous_7)
FN:59,(anonymous_8)
FNF:9
FNH:9
FNDA:6,getUsers
FNDA:2,(anonymous_1)
FNDA:3,(anonymous_2)
FNDA:2,saveUsers
FNDA:1,(anonymous_4)
FNDA:2,(anonymous_5)
FNDA:3,(anonymous_6)
FNDA:1,(anonymous_7)
FNDA:2,(anonymous_8)
DA:1,1
DA:2,1
DA:3,1
DA:7,6
DA:8,6
DA:12,1
DA:13,2
DA:14,2
DA:15,3
DA:16,2
DA:17,1
DA:22,1
DA:28,2
DA:33,1
DA:34,1
DA:38,1
DA:39,2
DA:40,2
DA:41,3
DA:42,1
DA:44,1
DA:50,1
DA:51,1
DA:52,1
DA:56,1
DA:57,1
DA:58,1
DA:59,2
DA:60,1
DA:61,1
LF:30
LH:30
BRDA:7,0,0,0
BRDA:7,0,1,6
BRDA:15,1,0,3
BRDA:15,1,1,2
BRDA:16,2,0,1
BRDA:16,2,1,1
BRDA:41,3,0,1
BRDA:41,3,1,1
BRDA:45,4,0,1
BRDA:45,4,1,0
BRF:10
BRH:8
end_of_record
TN:
SF:models\usuario.model.js
FN:5,(anonymous_0)
FN:6,(anonymous_1)
FN:10,(anonymous_2)
FN:19,(anonymous_3)
FN:20,(anonymous_4)
FN:23,(anonymous_5)
FN:32,(anonymous_6)
FN:33,(anonymous_7)
FN:37,(anonymous_8)
FN:46,(anonymous_9)
FN:47,(anonymous_10)
FN:51,(anonymous_11)
FNF:12
FNH:0
FNDA:0,(anonymous_0)
FNDA:0,(anonymous_1)
FNDA:0,(anonymous_2)
FNDA:0,(anonymous_3)
FNDA:0,(anonymous_4)
FNDA:0,(anonymous_5)
FNDA:0,(anonymous_6)
FNDA:0,(anonymous_7)
FNDA:0,(anonymous_8)
FNDA:0,(anonymous_9)
FNDA:0,(anonymous_10)
FNDA:0,(anonymous_11)
DA:1,0
DA:6,0
DA:7,0
DA:11,0
DA:12,0
DA:20,0
DA:21,0
DA:24,0
DA:25,0
DA:33,0
DA:34,0
DA:38,0
DA:39,0
DA:47,0
DA:48,0
DA:52,0
DA:53,0
DA:60,0
LF:18
LH:0
BRDA:11,0,0,0
BRDA:11,0,1,0
BRDA:12,1,0,0
BRDA:12,1,1,0
BRDA:24,2,0,0
BRDA:24,2,1,0
BRDA:25,3,0,0
BRDA:25,3,1,0
BRDA:38,4,0,0
BRDA:38,4,1,0
BRDA:52,5,0,0
BRDA:52,5,1,0
BRF:12
BRH:0
end_of_record
TN:
SF:routes\animales.routes.js
FN:6,(anonymous_0)
FN:7,(anonymous_1)
FN:17,(anonymous_2)
FN:25,(anonymous_3)
FN:35,(anonymous_4)
FN:39,(anonymous_5)
FN:54,(anonymous_6)
FN:57,(anonymous_7)
FNF:8
FNH:4
FNDA:1,(anonymous_0)
FNDA:1,(anonymous_1)
FNDA:1,(anonymous_2)
FNDA:1,(anonymous_3)
FNDA:0,(anonymous_4)
FNDA:0,(anonymous_5)
FNDA:0,(anonymous_6)
FNDA:0,(anonymous_7)
DA:1,1
DA:2,1
DA:3,1
DA:6,1
DA:7,1
DA:8,1
DA:9,0
DA:10,0
DA:12,1
DA:17,1
DA:18,1
DA:20,1
DA:25,1
DA:26,1
DA:27,0
DA:28,0
DA:30,1
DA:35,1
DA:36,0
DA:37,0
DA:39,0
DA:40,0
DA:41,0
DA:42,0
DA:45,0
DA:46,0
DA:49,0
DA:54,1
DA:55,0
DA:57,0
DA:58,0
DA:59,0
DA:60,0
DA:63,0
DA:64,0
DA:67,0
DA:71,1
LF:37
LH:16
BRDA:8,0,0,0
BRDA:8,0,1,1
BRDA:26,1,0,0
BRDA:26,1,1,1
BRDA:40,2,0,0
BRDA:40,2,1,0
BRDA:45,3,0,0
BRDA:45,3,1,0
BRDA:58,4,0,0
BRDA:58,4,1,0
BRDA:63,5,0,0
BRDA:63,5,1,0
BRF:12
BRH:2
end_of_record
TN:
SF:routes\auth.routes.js
FNF:0
FNH:0
DA:1,1
DA:2,1
DA:3,1
DA:5,1
DA:6,1
DA:7,1
DA:8,1
DA:10,1
LF:8
LH:8
BRF:0
BRH:0
end_of_record
TN:
SF:routes\donaciones.routes.js
FN:6,(anonymous_0)
FN:8,(anonymous_1)
FN:16,(anonymous_2)
FN:27,(anonymous_3)
FN:36,(anonymous_4)
FN:49,(anonymous_5)
FN:60,(anonymous_6)
FN:63,(anonymous_7)
FNF:8
FNH:6
FNDA:1,(anonymous_0)
FNDA:0,(anonymous_1)
FNDA:1,(anonymous_2)
FNDA:1,(anonymous_3)
FNDA:0,(anonymous_4)
FNDA:1,(anonymous_5)
FNDA:1,(anonymous_6)
FNDA:1,(anonymous_7)
DA:1,1
DA:2,1
DA:3,1
DA:6,1
DA:7,1
DA:8,0
DA:9,0
DA:10,0
DA:11,0
DA:13,0
DA:16,1
DA:17,1
DA:18,0
DA:19,0
DA:21,1
DA:27,1
DA:28,1
DA:30,1
DA:31,0
DA:36,0
DA:37,0
DA:38,0
DA:39,0
DA:41,0
DA:44,1
DA:49,1
DA:50,1
DA:51,0
DA:52,0
DA:54,1
DA:60,1
DA:61,1
DA:63,1
DA:64,1
DA:65,0
DA:66,0
DA:69,1
DA:70,0
DA:73,1
DA:77,1
LF:40
LH:22
BRDA:7,0,0,0
BRDA:7,0,1,1
BRDA:9,1,0,0
BRDA:9,1,1,0
BRDA:13,2,0,0
BRDA:13,2,1,0
BRDA:17,3,0,0
BRDA:17,3,1,1
BRDA:30,4,0,0
BRDA:30,4,1,1
BRDA:36,5,0,0
BRDA:36,5,1,0
BRDA:37,6,0,0
BRDA:37,6,1,0
BRDA:49,7,0,1
BRDA:49,7,1,0
BRDA:50,8,0,0
BRDA:50,8,1,1
BRDA:64,9,0,0
BRDA:64,9,1,1
BRDA:69,10,0,0
BRDA:69,10,1,1
BRF:22
BRH:7
end_of_record
TN:
SF:routes\inventario.routes.js
FN:6,(anonymous_0)
FN:8,(anonymous_1)
FN:16,(anonymous_2)
FN:27,(anonymous_3)
FN:36,(anonymous_4)
FN:49,(anonymous_5)
FN:60,(anonymous_6)
FN:64,(anonymous_7)
FN:79,(anonymous_8)
FN:84,(anonymous_9)
FN:101,(anonymous_10)
FN:113,(anonymous_11)
FN:117,(anonymous_12)
FN:132,(anonymous_13)
FN:135,(anonymous_14)
FNF:15
FNH:4
FNDA:1,(anonymous_0)
FNDA:0,(anonymous_1)
FNDA:1,(anonymous_2)
FNDA:1,(anonymous_3)
FNDA:0,(anonymous_4)
FNDA:1,(anonymous_5)
FNDA:0,(anonymous_6)
FNDA:0,(anonymous_7)
FNDA:0,(anonymous_8)
FNDA:0,(anonymous_9)
FNDA:0,(anonymous_10)
FNDA:0,(anonymous_11)
FNDA:0,(anonymous_12)
FNDA:0,(anonymous_13)
FNDA:0,(anonymous_14)
DA:1,1
DA:2,1
DA:3,1
DA:6,1
DA:7,1
DA:8,0
DA:9,0
DA:10,0
DA:11,0
DA:13,0
DA:16,1
DA:17,1
DA:18,0
DA:19,0
DA:21,1
DA:27,1
DA:28,1
DA:30,1
DA:31,0
DA:36,0
DA:37,0
DA:38,0
DA:39,0
DA:41,0
DA:44,1
DA:49,1
DA:50,1
DA:51,0
DA:52,0
DA:54,1
DA:60,1
DA:61,0
DA:62,0
DA:64,0
DA:65,0
DA:66,0
DA:67,0
DA:70,0
DA:71,0
DA:74,0
DA:79,1
DA:80,0
DA:81,0
DA:84,0
DA:85,0
DA:86,0
DA:87,0
DA:90,0
DA:91,0
DA:94,0
DA:96,0
DA:97,0
DA:101,0
DA:102,0
DA:103,0
DA:104,0
DA:107,0
DA:113,1
DA:114,0
DA:115,0
DA:117,0
DA:118,0
DA:119,0
DA:120,0
DA:123,0
DA:124,0
DA:127,0
DA:132,1
DA:133,0
DA:135,0
DA:136,0
DA:137,0
DA:138,0
DA:141,0
DA:142,0
DA:145,0
DA:149,1
LF:77
LH:20
BRDA:7,0,0,0
BRDA:7,0,1,1
BRDA:9,1,0,0
BRDA:9,1,1,0
BRDA:13,2,0,0
BRDA:13,2,1,0
BRDA:17,3,0,0
BRDA:17,3,1,1
BRDA:30,4,0,0
BRDA:30,4,1,1
BRDA:36,5,0,0
BRDA:36,5,1,0
BRDA:36,6,0,0
BRDA:36,6,1,0
BRDA:36,7,0,0
BRDA:36,7,1,0
BRDA:37,8,0,0
BRDA:37,8,1,0
BRDA:49,9,0,1
BRDA:49,9,1,0
BRDA:49,10,0,1
BRDA:49,10,1,1
BRDA:49,11,0,1
BRDA:49,11,1,0
BRDA:50,12,0,0
BRDA:50,12,1,1
BRDA:65,13,0,0
BRDA:65,13,1,0
BRDA:70,14,0,0
BRDA:70,14,1,0
BRDA:85,15,0,0
BRDA:85,15,1,0
BRDA:90,16,0,0
BRDA:90,16,1,0
BRDA:96,17,0,0
BRDA:96,17,1,0
BRDA:102,18,0,0
BRDA:102,18,1,0
BRDA:118,19,0,0
BRDA:118,19,1,0
BRDA:123,20,0,0
BRDA:123,20,1,0
BRDA:136,21,0,0
BRDA:136,21,1,0
BRDA:141,22,0,0
BRDA:141,22,1,0
BRF:46
BRH:8
end_of_record
TN:
SF:routes\voluntarios.routes.js
FN:6,(anonymous_0)
FN:8,(anonymous_1)
FN:16,(anonymous_2)
FN:27,(anonymous_3)
FN:36,(anonymous_4)
FN:49,(anonymous_5)
FN:60,(anonymous_6)
FN:64,(anonymous_7)
FN:79,(anonymous_8)
FN:82,(anonymous_9)
FNF:10
FNH:8
FNDA:1,(anonymous_0)
FNDA:0,(anonymous_1)
FNDA:1,(anonymous_2)
FNDA:1,(anonymous_3)
FNDA:0,(anonymous_4)
FNDA:1,(anonymous_5)
FNDA:1,(anonymous_6)
FNDA:1,(anonymous_7)
FNDA:1,(anonymous_8)
FNDA:1,(anonymous_9)
DA:1,1
DA:2,1
DA:3,1
DA:6,1
DA:7,1
DA:8,0
DA:9,0
DA:10,0
DA:11,0
DA:13,0
DA:16,1
DA:17,1
DA:18,0
DA:19,0
DA:21,1
DA:27,1
DA:28,1
DA:30,1
DA:31,0
DA:36,0
DA:37,0
DA:38,0
DA:39,0
DA:41,0
DA:44,1
DA:49,1
DA:50,1
DA:51,0
DA:52,0
DA:54,1
DA:60,1
DA:61,1
DA:62,1
DA:64,1
DA:65,1
DA:66,0
DA:67,0
DA:70,1
DA:71,0
DA:74,1
DA:79,1
DA:80,1
DA:82,1
DA:83,1
DA:84,0
DA:85,0
DA:88,1
DA:89,0
DA:92,1
DA:96,1
LF:50
LH:29
BRDA:7,0,0,0
BRDA:7,0,1,1
BRDA:9,1,0,0
BRDA:9,1,1,0
BRDA:13,2,0,0
BRDA:13,2,1,0
BRDA:17,3,0,0
BRDA:17,3,1,1
BRDA:30,4,0,0
BRDA:30,4,1,1
BRDA:36,5,0,0
BRDA:36,5,1,0
BRDA:37,6,0,0
BRDA:37,6,1,0
BRDA:49,7,0,1
BRDA:49,7,1,1
BRDA:50,8,0,0
BRDA:50,8,1,1
BRDA:65,9,0,0
BRDA:65,9,1,1
BRDA:70,10,0,0
BRDA:70,10,1,1
BRDA:83,11,0,0
BRDA:83,11,1,1
BRDA:88,12,0,0
BRDA:88,12,1,1
BRF:26
BRH:10
end_of_record
